<?xml version="1.0"?>
<coverage generated="1479308910">
  <project timestamp="1479308910">
    <metrics packages="0" files="79" loc="12440" ncloc="8385" classes="76" methods="546" coveredmethods="107" statements="2925" coveredstatements="722" elements="3471" coveredelements="829" conditionals="0" coveredconditionals="0"/>
    <file name="/opt/git/datagrid/src/Localization/SimpleTranslator.php">
      <metrics loc="82" ncloc="60" classes="1" methods="3" coveredmethods="1" statements="7" coveredstatements="5" elements="10" coveredelements="6" conditionals="0" coveredconditionals="0"/>
      <class namespace="Ublaboo\DataGrid\Localization" name="SimpleTranslator">
        <metrics methods="3" coveredmethods="1" statements="7" coveredstatements="5" conditionals="0" coveredconditionals="0" elements="10" coveredelements="6"/>
      </class>
      <line num="54" type="stmt" count="1"/>
      <line num="55" type="stmt" count="0"/>
      <line num="69" type="stmt" count="1"/>
      <line num="79" type="stmt" count="0"/>
      <line num="13" type="stmt" count="1"/>
      <line num="82" type="stmt" count="1"/>
      <line num="52" type="stmt" count="1"/>
      <line num="57" type="stmt" count="1"/>
      <line num="67" type="stmt" count="1"/>
    </file>
    <file name="/opt/git/datagrid/src/Row.php">
      <metrics loc="305" ncloc="216" classes="1" methods="14" coveredmethods="2" statements="76" coveredstatements="35" elements="90" coveredelements="37" conditionals="0" coveredconditionals="0"/>
      <class namespace="Ublaboo\DataGrid" name="Row">
        <metrics methods="14" coveredmethods="2" statements="76" coveredstatements="35" conditionals="0" coveredconditionals="0" elements="90" coveredelements="37"/>
      </class>
      <line num="56" type="stmt" count="1"/>
      <line num="57" type="stmt" count="1"/>
      <line num="58" type="stmt" count="1"/>
      <line num="59" type="stmt" count="1"/>
      <line num="60" type="stmt" count="1"/>
      <line num="62" type="stmt" count="1"/>
      <line num="63" type="stmt" count="0"/>
      <line num="74" type="stmt" count="1"/>
      <line num="85" type="stmt" count="1"/>
      <line num="86" type="stmt" count="1"/>
      <line num="88" type="stmt" count="1"/>
      <line num="89" type="stmt" count="0"/>
      <line num="91" type="stmt" count="1"/>
      <line num="92" type="stmt" count="0"/>
      <line num="94" type="stmt" count="1"/>
      <line num="95" type="stmt" count="0"/>
      <line num="97" type="stmt" count="1"/>
      <line num="98" type="stmt" count="0"/>
      <line num="100" type="stmt" count="1"/>
      <line num="101" type="stmt" count="1"/>
      <line num="107" type="stmt" count="1"/>
      <line num="118" type="stmt" count="1"/>
      <line num="127" type="stmt" count="1"/>
      <line num="128" type="stmt" count="0"/>
      <line num="131" type="stmt" count="1"/>
      <line num="143" type="stmt" count="1"/>
      <line num="144" type="stmt" count="1"/>
      <line num="146" type="stmt" count="1"/>
      <line num="147" type="stmt" count="1"/>
      <line num="148" type="stmt" count="0"/>
      <line num="149" type="stmt" count="0"/>
      <line num="150" type="stmt" count="0"/>
      <line num="151" type="stmt" count="0"/>
      <line num="155" type="stmt" count="0"/>
      <line num="158" type="stmt" count="1"/>
      <line num="161" type="stmt" count="1"/>
      <line num="173" type="stmt" count="0"/>
      <line num="174" type="stmt" count="0"/>
      <line num="176" type="stmt" count="0"/>
      <line num="177" type="stmt" count="0"/>
      <line num="178" type="stmt" count="0"/>
      <line num="179" type="stmt" count="0"/>
      <line num="180" type="stmt" count="0"/>
      <line num="181" type="stmt" count="0"/>
      <line num="185" type="stmt" count="0"/>
      <line num="188" type="stmt" count="0"/>
      <line num="191" type="stmt" count="0"/>
      <line num="203" type="stmt" count="1"/>
      <line num="204" type="stmt" count="1"/>
      <line num="205" type="stmt" count="1"/>
      <line num="207" type="stmt" count="1"/>
      <line num="208" type="stmt" count="1"/>
      <line num="209" type="stmt" count="0"/>
      <line num="210" type="stmt" count="0"/>
      <line num="211" type="stmt" count="0"/>
      <line num="212" type="stmt" count="0"/>
      <line num="216" type="stmt" count="0"/>
      <line num="219" type="stmt" count="1"/>
      <line num="222" type="stmt" count="1"/>
      <line num="232" type="stmt" count="0"/>
      <line num="242" type="stmt" count="0"/>
      <line num="244" type="stmt" count="0"/>
      <line num="255" type="stmt" count="0"/>
      <line num="257" type="stmt" count="0"/>
      <line num="267" type="stmt" count="0"/>
      <line num="269" type="stmt" count="0"/>
      <line num="280" type="stmt" count="0"/>
      <line num="282" type="stmt" count="0"/>
      <line num="283" type="stmt" count="0"/>
      <line num="286" type="stmt" count="0"/>
      <line num="298" type="stmt" count="0"/>
      <line num="299" type="stmt" count="0"/>
      <line num="302" type="stmt" count="0"/>
      <line num="20" type="stmt" count="1"/>
      <line num="305" type="stmt" count="1"/>
      <line num="54" type="stmt" count="1"/>
      <line num="65" type="stmt" count="1"/>
      <line num="141" type="stmt" count="1"/>
    </file>
    <file name="/opt/git/datagrid/src/AggregationFunction/FunctionSum.php">
      <metrics loc="76" ncloc="49" classes="1" methods="5" coveredmethods="0" statements="11" coveredstatements="0" elements="16" coveredelements="0" conditionals="0" coveredconditionals="0"/>
      <class namespace="Ublaboo\DataGrid\AggregationFunction" name="FunctionSum">
        <metrics methods="5" coveredmethods="0" statements="11" coveredstatements="0" conditionals="0" coveredconditionals="0" elements="16" coveredelements="0"/>
      </class>
    </file>
    <file name="/opt/git/datagrid/src/AggregationFunction/TDataGridAggregationFunction.php">
      <metrics loc="106" ncloc="75" classes="1" methods="6" coveredmethods="0" statements="22" coveredstatements="8" elements="28" coveredelements="8" conditionals="0" coveredconditionals="0"/>
      <class namespace="Ublaboo\DataGrid\AggregationFunction" name="TDataGridAggregationFunction">
        <metrics methods="6" coveredmethods="0" statements="22" coveredstatements="8" conditionals="0" coveredconditionals="0" elements="28" coveredelements="8"/>
      </class>
      <line num="31" type="stmt" count="0"/>
      <line num="32" type="stmt" count="0"/>
      <line num="35" type="stmt" count="0"/>
      <line num="36" type="stmt" count="0"/>
      <line num="37" type="stmt" count="0"/>
      <line num="41" type="stmt" count="0"/>
      <line num="43" type="stmt" count="0"/>
      <line num="53" type="stmt" count="1"/>
      <line num="54" type="stmt" count="0"/>
      <line num="55" type="stmt" count="1"/>
      <line num="67" type="stmt" count="1"/>
      <line num="68" type="stmt" count="0"/>
      <line num="69" type="stmt" count="1"/>
      <line num="81" type="stmt" count="0"/>
      <line num="82" type="stmt" count="0"/>
      <line num="83" type="stmt" count="0"/>
      <line num="94" type="stmt" count="0"/>
      <line num="103" type="stmt" count="0"/>
      <line num="15" type="stmt" count="1"/>
      <line num="106" type="stmt" count="1"/>
      <line num="51" type="stmt" count="1"/>
      <line num="58" type="stmt" count="1"/>
      <line num="65" type="stmt" count="1"/>
      <line num="72" type="stmt" count="1"/>
    </file>
    <file name="/opt/git/datagrid/src/AggregationFunction/IAggregationFunction.php">
      <metrics loc="40" ncloc="22" classes="0" methods="0" coveredmethods="0" statements="0" coveredstatements="0" elements="0" coveredelements="0" conditionals="0" coveredconditionals="0"/>
    </file>
    <file name="/opt/git/datagrid/src/DataSource/DibiFluentMssqlDataSource.php">
      <metrics loc="165" ncloc="114" classes="1" methods="7" coveredmethods="0" statements="57" coveredstatements="0" elements="64" coveredelements="0" conditionals="0" coveredconditionals="0"/>
      <class namespace="Ublaboo\DataGrid\DataSource" name="DibiFluentMssqlDataSource">
        <metrics methods="7" coveredmethods="0" statements="57" coveredstatements="0" conditionals="0" coveredconditionals="0" elements="64" coveredelements="0"/>
      </class>
    </file>
    <file name="/opt/git/datagrid/src/DataSource/NetteDatabaseTableMssqlDataSource.php">
      <metrics loc="69" ncloc="54" classes="1" methods="2" coveredmethods="0" statements="32" coveredstatements="0" elements="34" coveredelements="0" conditionals="0" coveredconditionals="0"/>
      <class namespace="Ublaboo\DataGrid\DataSource" name="NetteDatabaseTableMssqlDataSource">
        <metrics methods="2" coveredmethods="0" statements="32" coveredstatements="0" conditionals="0" coveredconditionals="0" elements="34" coveredelements="0"/>
      </class>
    </file>
    <file name="/opt/git/datagrid/src/DataSource/NetteDatabaseTableDataSource.php">
      <metrics loc="316" ncloc="234" classes="1" methods="13" coveredmethods="6" statements="98" coveredstatements="59" elements="111" coveredelements="65" conditionals="0" coveredconditionals="0"/>
      <class namespace="Ublaboo\DataGrid\DataSource" name="NetteDatabaseTableDataSource">
        <metrics methods="13" coveredmethods="6" statements="98" coveredstatements="59" conditionals="0" coveredconditionals="0" elements="111" coveredelements="65"/>
      </class>
      <line num="41" type="stmt" count="1"/>
      <line num="42" type="stmt" count="1"/>
      <line num="58" type="stmt" count="1"/>
      <line num="59" type="stmt" count="0"/>
      <line num="60" type="stmt" count="0"/>
      <line num="63" type="stmt" count="1"/>
      <line num="64" type="stmt" count="1"/>
      <line num="75" type="stmt" count="1"/>
      <line num="86" type="stmt" count="1"/>
      <line num="88" type="stmt" count="1"/>
      <line num="99" type="stmt" count="0"/>
      <line num="101" type="stmt" count="0"/>
      <line num="103" type="stmt" count="0"/>
      <line num="114" type="stmt" count="0"/>
      <line num="116" type="stmt" count="0"/>
      <line num="117" type="stmt" count="0"/>
      <line num="119" type="stmt" count="0"/>
      <line num="120" type="stmt" count="0"/>
      <line num="121" type="stmt" count="0"/>
      <line num="123" type="stmt" count="0"/>
      <line num="126" type="stmt" count="0"/>
      <line num="127" type="stmt" count="0"/>
      <line num="128" type="stmt" count="0"/>
      <line num="130" type="stmt" count="0"/>
      <line num="142" type="stmt" count="1"/>
      <line num="144" type="stmt" count="1"/>
      <line num="145" type="stmt" count="1"/>
      <line num="147" type="stmt" count="1"/>
      <line num="148" type="stmt" count="1"/>
      <line num="151" type="stmt" count="1"/>
      <line num="152" type="stmt" count="1"/>
      <line num="164" type="stmt" count="1"/>
      <line num="165" type="stmt" count="1"/>
      <line num="166" type="stmt" count="1"/>
      <line num="167" type="stmt" count="1"/>
      <line num="168" type="stmt" count="1"/>
      <line num="170" type="stmt" count="1"/>
      <line num="172" type="stmt" count="1"/>
      <line num="173" type="stmt" count="1"/>
      <line num="175" type="stmt" count="1"/>
      <line num="176" type="stmt" count="1"/>
      <line num="177" type="stmt" count="1"/>
      <line num="179" type="stmt" count="1"/>
      <line num="180" type="stmt" count="1"/>
      <line num="182" type="stmt" count="1"/>
      <line num="184" type="stmt" count="1"/>
      <line num="185" type="stmt" count="1"/>
      <line num="186" type="stmt" count="1"/>
      <line num="189" type="stmt" count="1"/>
      <line num="191" type="stmt" count="1"/>
      <line num="192" type="stmt" count="1"/>
      <line num="193" type="stmt" count="1"/>
      <line num="196" type="stmt" count="1"/>
      <line num="197" type="stmt" count="1"/>
      <line num="199" type="stmt" count="1"/>
      <line num="201" type="stmt" count="1"/>
      <line num="203" type="stmt" count="1"/>
      <line num="205" type="stmt" count="1"/>
      <line num="217" type="stmt" count="0"/>
      <line num="218" type="stmt" count="0"/>
      <line num="219" type="stmt" count="0"/>
      <line num="221" type="stmt" count="0"/>
      <line num="222" type="stmt" count="0"/>
      <line num="223" type="stmt" count="0"/>
      <line num="225" type="stmt" count="0"/>
      <line num="226" type="stmt" count="0"/>
      <line num="227" type="stmt" count="0"/>
      <line num="229" type="stmt" count="0"/>
      <line num="232" type="stmt" count="0"/>
      <line num="235" type="stmt" count="0"/>
      <line num="237" type="stmt" count="0"/>
      <line num="239" type="stmt" count="0"/>
      <line num="251" type="stmt" count="0"/>
      <line num="263" type="stmt" count="1"/>
      <line num="265" type="stmt" count="1"/>
      <line num="276" type="stmt" count="1"/>
      <line num="277" type="stmt" count="0"/>
      <line num="278" type="stmt" count="0"/>
      <line num="279" type="stmt" count="0"/>
      <line num="280" type="stmt" count="0"/>
      <line num="283" type="stmt" count="0"/>
      <line num="286" type="stmt" count="1"/>
      <line num="288" type="stmt" count="1"/>
      <line num="289" type="stmt" count="1"/>
      <line num="291" type="stmt" count="1"/>
      <line num="292" type="stmt" count="1"/>
      <line num="298" type="stmt" count="0"/>
      <line num="299" type="stmt" count="0"/>
      <line num="303" type="stmt" count="1"/>
      <line num="313" type="stmt" count="0"/>
      <line num="16" type="stmt" count="1"/>
      <line num="316" type="stmt" count="1"/>
      <line num="39" type="stmt" count="1"/>
      <line num="43" type="stmt" count="1"/>
      <line num="162" type="stmt" count="1"/>
      <line num="207" type="stmt" count="1"/>
      <line num="140" type="stmt" count="1"/>
      <line num="154" type="stmt" count="1"/>
      <line num="84" type="stmt" count="1"/>
      <line num="274" type="stmt" count="1"/>
    </file>
    <file name="/opt/git/datagrid/src/DataSource/FilterableDataSource.php">
      <metrics loc="54" ncloc="44" classes="1" methods="0" coveredmethods="0" statements="0" coveredstatements="0" elements="0" coveredelements="0" conditionals="0" coveredconditionals="0"/>
      <class namespace="Ublaboo\DataGrid\DataSource" name="FilterableDataSource">
        <metrics methods="0" coveredmethods="0" statements="0" coveredstatements="0" conditionals="0" coveredconditionals="0" elements="0" coveredelements="0"/>
      </class>
      <line num="26" type="stmt" count="1"/>
      <line num="27" type="stmt" count="1"/>
      <line num="28" type="stmt" count="1"/>
      <line num="29" type="stmt" count="0"/>
      <line num="30" type="stmt" count="0"/>
      <line num="31" type="stmt" count="0"/>
      <line num="34" type="stmt" count="1"/>
      <line num="35" type="stmt" count="1"/>
      <line num="36" type="stmt" count="1"/>
      <line num="37" type="stmt" count="0"/>
      <line num="38" type="stmt" count="1"/>
      <line num="39" type="stmt" count="0"/>
      <line num="40" type="stmt" count="1"/>
      <line num="41" type="stmt" count="0"/>
      <line num="42" type="stmt" count="1"/>
      <line num="43" type="stmt" count="0"/>
      <line num="44" type="stmt" count="1"/>
      <line num="45" type="stmt" count="1"/>
      <line num="51" type="stmt" count="1"/>
      <line num="16" type="stmt" count="1"/>
      <line num="54" type="stmt" count="1"/>
      <line num="24" type="stmt" count="1"/>
    </file>
    <file name="/opt/git/datagrid/src/DataSource/DibiFluentDataSource.php">
      <metrics loc="311" ncloc="229" classes="1" methods="13" coveredmethods="6" statements="93" coveredstatements="50" elements="106" coveredelements="56" conditionals="0" coveredconditionals="0"/>
      <class namespace="Ublaboo\DataGrid\DataSource" name="DibiFluentDataSource">
        <metrics methods="13" coveredmethods="6" statements="93" coveredstatements="50" conditionals="0" coveredconditionals="0" elements="106" coveredelements="56"/>
      </class>
      <line num="44" type="stmt" count="1"/>
      <line num="45" type="stmt" count="1"/>
      <line num="60" type="stmt" count="1"/>
      <line num="70" type="stmt" count="1"/>
      <line num="81" type="stmt" count="1"/>
      <line num="83" type="stmt" count="1"/>
      <line num="94" type="stmt" count="0"/>
      <line num="96" type="stmt" count="0"/>
      <line num="98" type="stmt" count="0"/>
      <line num="109" type="stmt" count="0"/>
      <line num="111" type="stmt" count="0"/>
      <line num="112" type="stmt" count="0"/>
      <line num="114" type="stmt" count="0"/>
      <line num="115" type="stmt" count="0"/>
      <line num="116" type="stmt" count="0"/>
      <line num="118" type="stmt" count="0"/>
      <line num="121" type="stmt" count="0"/>
      <line num="122" type="stmt" count="0"/>
      <line num="123" type="stmt" count="0"/>
      <line num="125" type="stmt" count="0"/>
      <line num="137" type="stmt" count="1"/>
      <line num="139" type="stmt" count="1"/>
      <line num="140" type="stmt" count="1"/>
      <line num="142" type="stmt" count="1"/>
      <line num="143" type="stmt" count="1"/>
      <line num="146" type="stmt" count="1"/>
      <line num="147" type="stmt" count="1"/>
      <line num="159" type="stmt" count="1"/>
      <line num="160" type="stmt" count="1"/>
      <line num="162" type="stmt" count="1"/>
      <line num="163" type="stmt" count="1"/>
      <line num="164" type="stmt" count="1"/>
      <line num="166" type="stmt" count="1"/>
      <line num="169" type="stmt" count="1"/>
      <line num="170" type="stmt" count="1"/>
      <line num="171" type="stmt" count="1"/>
      <line num="174" type="stmt" count="1"/>
      <line num="175" type="stmt" count="1"/>
      <line num="177" type="stmt" count="1"/>
      <line num="180" type="stmt" count="1"/>
      <line num="181" type="stmt" count="1"/>
      <line num="183" type="stmt" count="1"/>
      <line num="184" type="stmt" count="0"/>
      <line num="186" type="stmt" count="1"/>
      <line num="187" type="stmt" count="1"/>
      <line num="192" type="stmt" count="1"/>
      <line num="193" type="stmt" count="1"/>
      <line num="195" type="stmt" count="1"/>
      <line num="207" type="stmt" count="0"/>
      <line num="208" type="stmt" count="0"/>
      <line num="209" type="stmt" count="0"/>
      <line num="211" type="stmt" count="0"/>
      <line num="212" type="stmt" count="0"/>
      <line num="213" type="stmt" count="0"/>
      <line num="214" type="stmt" count="0"/>
      <line num="216" type="stmt" count="0"/>
      <line num="218" type="stmt" count="0"/>
      <line num="219" type="stmt" count="0"/>
      <line num="220" type="stmt" count="0"/>
      <line num="222" type="stmt" count="0"/>
      <line num="225" type="stmt" count="0"/>
      <line num="228" type="stmt" count="0"/>
      <line num="240" type="stmt" count="0"/>
      <line num="252" type="stmt" count="1"/>
      <line num="254" type="stmt" count="1"/>
      <line num="256" type="stmt" count="1"/>
      <line num="267" type="stmt" count="1"/>
      <line num="268" type="stmt" count="0"/>
      <line num="269" type="stmt" count="0"/>
      <line num="270" type="stmt" count="0"/>
      <line num="271" type="stmt" count="0"/>
      <line num="274" type="stmt" count="0"/>
      <line num="277" type="stmt" count="1"/>
      <line num="279" type="stmt" count="1"/>
      <line num="280" type="stmt" count="1"/>
      <line num="281" type="stmt" count="1"/>
      <line num="286" type="stmt" count="0"/>
      <line num="288" type="stmt" count="0"/>
      <line num="289" type="stmt" count="0"/>
      <line num="290" type="stmt" count="0"/>
      <line num="291" type="stmt" count="0"/>
      <line num="293" type="stmt" count="0"/>
      <line num="294" type="stmt" count="0"/>
      <line num="298" type="stmt" count="1"/>
      <line num="308" type="stmt" count="0"/>
      <line num="19" type="stmt" count="1"/>
      <line num="311" type="stmt" count="1"/>
      <line num="42" type="stmt" count="1"/>
      <line num="46" type="stmt" count="1"/>
      <line num="157" type="stmt" count="1"/>
      <line num="197" type="stmt" count="1"/>
      <line num="135" type="stmt" count="1"/>
      <line num="149" type="stmt" count="1"/>
      <line num="79" type="stmt" count="1"/>
      <line num="265" type="stmt" count="1"/>
    </file>
    <file name="/opt/git/datagrid/src/DataSource/NextrasDataSource.php">
      <metrics loc="310" ncloc="224" classes="1" methods="13" coveredmethods="0" statements="142" coveredstatements="0" elements="155" coveredelements="0" conditionals="0" coveredconditionals="0"/>
      <class namespace="Ublaboo\DataGrid\DataSource" name="NextrasDataSource">
        <metrics methods="13" coveredmethods="0" statements="142" coveredstatements="0" conditionals="0" coveredconditionals="0" elements="155" coveredelements="0"/>
      </class>
    </file>
    <file name="/opt/git/datagrid/src/DataSource/DoctrineDataSource.php">
      <metrics loc="347" ncloc="253" classes="1" methods="15" coveredmethods="9" statements="103" coveredstatements="61" elements="118" coveredelements="70" conditionals="0" coveredconditionals="0"/>
      <class namespace="Ublaboo\DataGrid\DataSource" name="DoctrineDataSource">
        <metrics methods="15" coveredmethods="9" statements="103" coveredstatements="61" conditionals="0" coveredconditionals="0" elements="118" coveredelements="70"/>
      </class>
      <line num="58" type="stmt" count="1"/>
      <line num="59" type="stmt" count="1"/>
      <line num="60" type="stmt" count="1"/>
      <line num="69" type="stmt" count="1"/>
      <line num="79" type="stmt" count="1"/>
      <line num="80" type="stmt" count="0"/>
      <line num="83" type="stmt" count="1"/>
      <line num="84" type="stmt" count="1"/>
      <line num="85" type="stmt" count="1"/>
      <line num="88" type="stmt" count="1"/>
      <line num="103" type="stmt" count="1"/>
      <line num="113" type="stmt" count="1"/>
      <line num="115" type="stmt" count="1"/>
      <line num="117" type="stmt" count="1"/>
      <line num="119" type="stmt" count="1"/>
      <line num="130" type="stmt" count="1"/>
      <line num="132" type="stmt" count="1"/>
      <line num="133" type="stmt" count="1"/>
      <line num="135" type="stmt" count="1"/>
      <line num="136" type="stmt" count="1"/>
      <line num="139" type="stmt" count="1"/>
      <line num="149" type="stmt" count="0"/>
      <line num="150" type="stmt" count="0"/>
      <line num="152" type="stmt" count="0"/>
      <line num="153" type="stmt" count="0"/>
      <line num="154" type="stmt" count="0"/>
      <line num="156" type="stmt" count="0"/>
      <line num="157" type="stmt" count="0"/>
      <line num="158" type="stmt" count="0"/>
      <line num="159" type="stmt" count="0"/>
      <line num="160" type="stmt" count="0"/>
      <line num="171" type="stmt" count="0"/>
      <line num="172" type="stmt" count="0"/>
      <line num="174" type="stmt" count="0"/>
      <line num="175" type="stmt" count="0"/>
      <line num="177" type="stmt" count="0"/>
      <line num="178" type="stmt" count="0"/>
      <line num="179" type="stmt" count="0"/>
      <line num="181" type="stmt" count="0"/>
      <line num="183" type="stmt" count="0"/>
      <line num="186" type="stmt" count="0"/>
      <line num="187" type="stmt" count="0"/>
      <line num="188" type="stmt" count="0"/>
      <line num="190" type="stmt" count="0"/>
      <line num="192" type="stmt" count="0"/>
      <line num="203" type="stmt" count="1"/>
      <line num="204" type="stmt" count="1"/>
      <line num="206" type="stmt" count="1"/>
      <line num="207" type="stmt" count="1"/>
      <line num="209" type="stmt" count="1"/>
      <line num="210" type="stmt" count="1"/>
      <line num="211" type="stmt" count="1"/>
      <line num="214" type="stmt" count="1"/>
      <line num="215" type="stmt" count="1"/>
      <line num="216" type="stmt" count="1"/>
      <line num="227" type="stmt" count="1"/>
      <line num="228" type="stmt" count="1"/>
      <line num="230" type="stmt" count="1"/>
      <line num="231" type="stmt" count="1"/>
      <line num="233" type="stmt" count="1"/>
      <line num="234" type="stmt" count="1"/>
      <line num="235" type="stmt" count="1"/>
      <line num="238" type="stmt" count="1"/>
      <line num="239" type="stmt" count="1"/>
      <line num="241" type="stmt" count="1"/>
      <line num="244" type="stmt" count="1"/>
      <line num="245" type="stmt" count="1"/>
      <line num="249" type="stmt" count="1"/>
      <line num="251" type="stmt" count="1"/>
      <line num="261" type="stmt" count="0"/>
      <line num="262" type="stmt" count="0"/>
      <line num="264" type="stmt" count="0"/>
      <line num="265" type="stmt" count="0"/>
      <line num="267" type="stmt" count="0"/>
      <line num="277" type="stmt" count="0"/>
      <line num="279" type="stmt" count="0"/>
      <line num="280" type="stmt" count="0"/>
      <line num="282" type="stmt" count="0"/>
      <line num="283" type="stmt" count="0"/>
      <line num="296" type="stmt" count="1"/>
      <line num="298" type="stmt" count="1"/>
      <line num="309" type="stmt" count="1"/>
      <line num="310" type="stmt" count="0"/>
      <line num="311" type="stmt" count="0"/>
      <line num="312" type="stmt" count="0"/>
      <line num="313" type="stmt" count="0"/>
      <line num="316" type="stmt" count="0"/>
      <line num="319" type="stmt" count="1"/>
      <line num="321" type="stmt" count="1"/>
      <line num="322" type="stmt" count="1"/>
      <line num="323" type="stmt" count="1"/>
      <line num="329" type="stmt" count="0"/>
      <line num="330" type="stmt" count="0"/>
      <line num="334" type="stmt" count="1"/>
      <line num="344" type="stmt" count="1"/>
      <line num="22" type="stmt" count="1"/>
      <line num="347" type="stmt" count="1"/>
      <line num="56" type="stmt" count="1"/>
      <line num="61" type="stmt" count="1"/>
      <line num="225" type="stmt" count="1"/>
      <line num="252" type="stmt" count="1"/>
      <line num="201" type="stmt" count="1"/>
      <line num="218" type="stmt" count="1"/>
      <line num="128" type="stmt" count="1"/>
      <line num="307" type="stmt" count="1"/>
    </file>
    <file name="/opt/git/datagrid/src/DataSource/DoctrineCollectionDataSource.php">
      <metrics loc="264" ncloc="186" classes="1" methods="13" coveredmethods="0" statements="98" coveredstatements="0" elements="111" coveredelements="0" conditionals="0" coveredconditionals="0"/>
      <class namespace="Ublaboo\DataGrid\DataSource" name="DoctrineCollectionDataSource">
        <metrics methods="13" coveredmethods="0" statements="98" coveredstatements="0" conditionals="0" coveredconditionals="0" elements="111" coveredelements="0"/>
      </class>
    </file>
    <file name="/opt/git/datagrid/src/DataSource/IDataSource.php">
      <metrics loc="62" ncloc="28" classes="0" methods="0" coveredmethods="0" statements="0" coveredstatements="0" elements="0" coveredelements="0" conditionals="0" coveredconditionals="0"/>
      <line num="13" type="stmt" count="1"/>
      <line num="62" type="stmt" count="1"/>
    </file>
    <file name="/opt/git/datagrid/src/DataSource/ApiDataSource.php">
      <metrics loc="201" ncloc="117" classes="1" methods="8" coveredmethods="0" statements="58" coveredstatements="0" elements="66" coveredelements="0" conditionals="0" coveredconditionals="0"/>
      <class namespace="Ublaboo\DataGrid\DataSource" name="ApiDataSource">
        <metrics methods="8" coveredmethods="0" statements="58" coveredstatements="0" conditionals="0" coveredconditionals="0" elements="66" coveredelements="0"/>
      </class>
    </file>
    <file name="/opt/git/datagrid/src/DataSource/ArrayDataSource.php">
      <metrics loc="375" ncloc="282" classes="1" methods="12" coveredmethods="5" statements="120" coveredstatements="67" elements="132" coveredelements="72" conditionals="0" coveredconditionals="0"/>
      <class namespace="Ublaboo\DataGrid\DataSource" name="ArrayDataSource">
        <metrics methods="12" coveredmethods="5" statements="120" coveredstatements="67" conditionals="0" coveredconditionals="0" elements="132" coveredelements="72"/>
      </class>
      <line num="90" type="stmt" count="1"/>
      <line num="91" type="stmt" count="1"/>
      <line num="44" type="stmt" count="1"/>
      <line num="45" type="stmt" count="1"/>
      <line num="60" type="stmt" count="1"/>
      <line num="71" type="stmt" count="1"/>
      <line num="82" type="stmt" count="1"/>
      <line num="83" type="stmt" count="1"/>
      <line num="84" type="stmt" count="1"/>
      <line num="85" type="stmt" count="0"/>
      <line num="86" type="stmt" count="0"/>
      <line num="87" type="stmt" count="0"/>
      <line num="92" type="stmt" count="1"/>
      <line num="97" type="stmt" count="1"/>
      <line num="108" type="stmt" count="1"/>
      <line num="109" type="stmt" count="1"/>
      <line num="110" type="stmt" count="1"/>
      <line num="111" type="stmt" count="1"/>
      <line num="113" type="stmt" count="1"/>
      <line num="118" type="stmt" count="0"/>
      <line num="120" type="stmt" count="0"/>
      <line num="132" type="stmt" count="1"/>
      <line num="134" type="stmt" count="1"/>
      <line num="146" type="stmt" count="1"/>
      <line num="147" type="stmt" count="1"/>
      <line num="148" type="stmt" count="0"/>
      <line num="149" type="stmt" count="1"/>
      <line num="150" type="stmt" count="0"/>
      <line num="151" type="stmt" count="1"/>
      <line num="152" type="stmt" count="0"/>
      <line num="153" type="stmt" count="1"/>
      <line num="154" type="stmt" count="1"/>
      <line num="157" type="stmt" count="1"/>
      <line num="159" type="stmt" count="1"/>
      <line num="160" type="stmt" count="1"/>
      <line num="161" type="stmt" count="1"/>
      <line num="164" type="stmt" count="1"/>
      <line num="165" type="stmt" count="1"/>
      <line num="167" type="stmt" count="1"/>
      <line num="170" type="stmt" count="1"/>
      <line num="172" type="stmt" count="1"/>
      <line num="173" type="stmt" count="1"/>
      <line num="174" type="stmt" count="1"/>
      <line num="180" type="stmt" count="1"/>
      <line num="192" type="stmt" count="0"/>
      <line num="193" type="stmt" count="0"/>
      <line num="195" type="stmt" count="0"/>
      <line num="206" type="stmt" count="1"/>
      <line num="207" type="stmt" count="1"/>
      <line num="209" type="stmt" count="1"/>
      <line num="210" type="stmt" count="1"/>
      <line num="211" type="stmt" count="1"/>
      <line num="215" type="stmt" count="1"/>
      <line num="216" type="stmt" count="1"/>
      <line num="217" type="stmt" count="1"/>
      <line num="221" type="stmt" count="1"/>
      <line num="232" type="stmt" count="0"/>
      <line num="233" type="stmt" count="0"/>
      <line num="234" type="stmt" count="0"/>
      <line num="235" type="stmt" count="0"/>
      <line num="237" type="stmt" count="0"/>
      <line num="238" type="stmt" count="0"/>
      <line num="239" type="stmt" count="0"/>
      <line num="241" type="stmt" count="0"/>
      <line num="246" type="stmt" count="0"/>
      <line num="247" type="stmt" count="0"/>
      <line num="251" type="stmt" count="0"/>
      <line num="255" type="stmt" count="0"/>
      <line num="256" type="stmt" count="0"/>
      <line num="260" type="stmt" count="0"/>
      <line num="261" type="stmt" count="0"/>
      <line num="262" type="stmt" count="0"/>
      <line num="264" type="stmt" count="0"/>
      <line num="269" type="stmt" count="0"/>
      <line num="270" type="stmt" count="0"/>
      <line num="274" type="stmt" count="0"/>
      <line num="278" type="stmt" count="0"/>
      <line num="279" type="stmt" count="0"/>
      <line num="283" type="stmt" count="0"/>
      <line num="295" type="stmt" count="0"/>
      <line num="296" type="stmt" count="0"/>
      <line num="298" type="stmt" count="0"/>
      <line num="299" type="stmt" count="0"/>
      <line num="301" type="stmt" count="0"/>
      <line num="303" type="stmt" count="0"/>
      <line num="308" type="stmt" count="0"/>
      <line num="309" type="stmt" count="0"/>
      <line num="313" type="stmt" count="0"/>
      <line num="317" type="stmt" count="0"/>
      <line num="329" type="stmt" count="1"/>
      <line num="330" type="stmt" count="0"/>
      <line num="331" type="stmt" count="0"/>
      <line num="332" type="stmt" count="0"/>
      <line num="333" type="stmt" count="0"/>
      <line num="336" type="stmt" count="0"/>
      <line num="337" type="stmt" count="0"/>
      <line num="340" type="stmt" count="0"/>
      <line num="343" type="stmt" count="1"/>
      <line num="345" type="stmt" count="1"/>
      <line num="346" type="stmt" count="1"/>
      <line num="348" type="stmt" count="1"/>
      <line num="349" type="stmt" count="1"/>
      <line num="350" type="stmt" count="0"/>
      <line num="352" type="stmt" count="1"/>
      <line num="354" type="stmt" count="1"/>
      <line num="357" type="stmt" count="1"/>
      <line num="358" type="stmt" count="0"/>
      <line num="360" type="stmt" count="1"/>
      <line num="363" type="stmt" count="1"/>
      <line num="365" type="stmt" count="1"/>
      <line num="366" type="stmt" count="1"/>
      <line num="367" type="stmt" count="1"/>
      <line num="372" type="stmt" count="1"/>
      <line num="25" type="stmt" count="1"/>
      <line num="375" type="stmt" count="1"/>
      <line num="42" type="stmt" count="1"/>
      <line num="46" type="stmt" count="1"/>
      <line num="80" type="stmt" count="1"/>
      <line num="144" type="stmt" count="1"/>
      <line num="204" type="stmt" count="1"/>
      <line num="106" type="stmt" count="1"/>
      <line num="327" type="stmt" count="1"/>
    </file>
    <file name="/opt/git/datagrid/src/Toolbar/ToolbarButton.php">
      <metrics loc="102" ncloc="71" classes="1" methods="3" coveredmethods="0" statements="28" coveredstatements="0" elements="31" coveredelements="0" conditionals="0" coveredconditionals="0"/>
      <class namespace="Ublaboo\DataGrid\Toolbar" name="ToolbarButton">
        <metrics methods="3" coveredmethods="0" statements="28" coveredstatements="0" conditionals="0" coveredconditionals="0" elements="31" coveredelements="0"/>
      </class>
    </file>
    <file name="/opt/git/datagrid/src/DataGrid.php">
      <metrics loc="3330" ncloc="2225" classes="1" methods="147" coveredmethods="21" statements="763" coveredstatements="177" elements="910" coveredelements="198" conditionals="0" coveredconditionals="0"/>
      <class namespace="Ublaboo\DataGrid" name="DataGrid">
        <metrics methods="147" coveredmethods="21" statements="763" coveredstatements="177" conditionals="0" coveredconditionals="0" elements="910" coveredelements="198"/>
      </class>
      <line num="377" type="stmt" count="1"/>
      <line num="379" type="stmt" count="1"/>
      <line num="384" type="stmt" count="1"/>
      <line num="385" type="stmt" count="1"/>
      <line num="390" type="stmt" count="1"/>
      <line num="391" type="stmt" count="1"/>
      <line num="396" type="stmt" count="1"/>
      <line num="397" type="stmt" count="1"/>
      <line num="402" type="stmt" count="1"/>
      <line num="407" type="stmt" count="1"/>
      <line num="417" type="stmt" count="1"/>
      <line num="419" type="stmt" count="1"/>
      <line num="423" type="stmt" count="1"/>
      <line num="424" type="stmt" count="1"/>
      <line num="444" type="stmt" count="0"/>
      <line num="445" type="stmt" count="0"/>
      <line num="448" type="stmt" count="0"/>
      <line num="449" type="stmt" count="0"/>
      <line num="452" type="stmt" count="0"/>
      <line num="457" type="stmt" count="0"/>
      <line num="462" type="stmt" count="0"/>
      <line num="464" type="stmt" count="0"/>
      <line num="465" type="stmt" count="0"/>
      <line num="467" type="stmt" count="0"/>
      <line num="468" type="stmt" count="0"/>
      <line num="470" type="stmt" count="0"/>
      <line num="471" type="stmt" count="0"/>
      <line num="472" type="stmt" count="0"/>
      <line num="477" type="stmt" count="0"/>
      <line num="478" type="stmt" count="0"/>
      <line num="480" type="stmt" count="0"/>
      <line num="481" type="stmt" count="0"/>
      <line num="483" type="stmt" count="0"/>
      <line num="484" type="stmt" count="0"/>
      <line num="487" type="stmt" count="0"/>
      <line num="488" type="stmt" count="0"/>
      <line num="494" type="stmt" count="0"/>
      <line num="495" type="stmt" count="0"/>
      <line num="496" type="stmt" count="0"/>
      <line num="500" type="stmt" count="0"/>
      <line num="501" type="stmt" count="0"/>
      <line num="504" type="stmt" count="0"/>
      <line num="505" type="stmt" count="0"/>
      <line num="508" type="stmt" count="0"/>
      <line num="510" type="stmt" count="0"/>
      <line num="511" type="stmt" count="0"/>
      <line num="512" type="stmt" count="0"/>
      <line num="513" type="stmt" count="0"/>
      <line num="514" type="stmt" count="0"/>
      <line num="515" type="stmt" count="0"/>
      <line num="517" type="stmt" count="0"/>
      <line num="518" type="stmt" count="0"/>
      <line num="520" type="stmt" count="0"/>
      <line num="521" type="stmt" count="0"/>
      <line num="522" type="stmt" count="0"/>
      <line num="523" type="stmt" count="0"/>
      <line num="525" type="stmt" count="0"/>
      <line num="526" type="stmt" count="0"/>
      <line num="528" type="stmt" count="0"/>
      <line num="533" type="stmt" count="0"/>
      <line num="538" type="stmt" count="0"/>
      <line num="539" type="stmt" count="0"/>
      <line num="555" type="stmt" count="0"/>
      <line num="557" type="stmt" count="0"/>
      <line num="573" type="stmt" count="0"/>
      <line num="574" type="stmt" count="0"/>
      <line num="577" type="stmt" count="0"/>
      <line num="579" type="stmt" count="0"/>
      <line num="590" type="stmt" count="1"/>
      <line num="592" type="stmt" count="1"/>
      <line num="593" type="stmt" count="1"/>
      <line num="594" type="stmt" count="1"/>
      <line num="596" type="stmt" count="1"/>
      <line num="605" type="stmt" count="0"/>
      <line num="606" type="stmt" count="0"/>
      <line num="609" type="stmt" count="0"/>
      <line num="625" type="stmt" count="0"/>
      <line num="627" type="stmt" count="0"/>
      <line num="638" type="stmt" count="0"/>
      <line num="648" type="stmt" count="0"/>
      <line num="659" type="stmt" count="0"/>
      <line num="660" type="stmt" count="0"/>
      <line num="663" type="stmt" count="0"/>
      <line num="680" type="stmt" count="0"/>
      <line num="681" type="stmt" count="0"/>
      <line num="683" type="stmt" count="0"/>
      <line num="686" type="stmt" count="0"/>
      <line num="687" type="stmt" count="0"/>
      <line num="689" type="stmt" count="0"/>
      <line num="699" type="stmt" count="1"/>
      <line num="700" type="stmt" count="0"/>
      <line num="703" type="stmt" count="1"/>
      <line num="704" type="stmt" count="0"/>
      <line num="707" type="stmt" count="1"/>
      <line num="708" type="stmt" count="0"/>
      <line num="711" type="stmt" count="1"/>
      <line num="722" type="stmt" count="0"/>
      <line num="723" type="stmt" count="0"/>
      <line num="726" type="stmt" count="0"/>
      <line num="728" type="stmt" count="0"/>
      <line num="738" type="stmt" count="0"/>
      <line num="749" type="stmt" count="0"/>
      <line num="759" type="stmt" count="0"/>
      <line num="770" type="stmt" count="0"/>
      <line num="772" type="stmt" count="0"/>
      <line num="781" type="stmt" count="0"/>
      <line num="792" type="stmt" count="0"/>
      <line num="794" type="stmt" count="0"/>
      <line num="795" type="stmt" count="0"/>
      <line num="798" type="stmt" count="0"/>
      <line num="809" type="stmt" count="1"/>
      <line num="810" type="stmt" count="0"/>
      <line num="813" type="stmt" count="0"/>
      <line num="815" type="stmt" count="0"/>
      <line num="816" type="stmt" count="0"/>
      <line num="819" type="stmt" count="1"/>
      <line num="822" type="stmt" count="1"/>
      <line num="823" type="stmt" count="0"/>
      <line num="826" type="stmt" count="1"/>
      <line num="841" type="stmt" count="0"/>
      <line num="853" type="stmt" count="0"/>
      <line num="854" type="stmt" count="0"/>
      <line num="855" type="stmt" count="0"/>
      <line num="859" type="stmt" count="0"/>
      <line num="860" type="stmt" count="0"/>
      <line num="861" type="stmt" count="0"/>
      <line num="864" type="stmt" count="0"/>
      <line num="865" type="stmt" count="0"/>
      <line num="870" type="stmt" count="0"/>
      <line num="875" type="stmt" count="0"/>
      <line num="876" type="stmt" count="0"/>
      <line num="879" type="stmt" count="0"/>
      <line num="889" type="stmt" count="0"/>
      <line num="899" type="stmt" count="0"/>
      <line num="917" type="stmt" count="1"/>
      <line num="918" type="stmt" count="1"/>
      <line num="920" type="stmt" count="1"/>
      <line num="933" type="stmt" count="1"/>
      <line num="934" type="stmt" count="1"/>
      <line num="935" type="stmt" count="1"/>
      <line num="937" type="stmt" count="1"/>
      <line num="938" type="stmt" count="1"/>
      <line num="941" type="stmt" count="1"/>
      <line num="954" type="stmt" count="1"/>
      <line num="955" type="stmt" count="1"/>
      <line num="957" type="stmt" count="1"/>
      <line num="970" type="stmt" count="1"/>
      <line num="971" type="stmt" count="1"/>
      <line num="973" type="stmt" count="1"/>
      <line num="986" type="stmt" count="1"/>
      <line num="987" type="stmt" count="1"/>
      <line num="989" type="stmt" count="1"/>
      <line num="1000" type="stmt" count="1"/>
      <line num="1002" type="stmt" count="1"/>
      <line num="1006" type="stmt" count="1"/>
      <line num="1018" type="stmt" count="1"/>
      <line num="1019" type="stmt" count="0"/>
      <line num="1022" type="stmt" count="1"/>
      <line num="1033" type="stmt" count="1"/>
      <line num="1034" type="stmt" count="1"/>
      <line num="1045" type="stmt" count="1"/>
      <line num="1046" type="stmt" count="0"/>
      <line num="1066" type="stmt" count="1"/>
      <line num="1068" type="stmt" count="1"/>
      <line num="1070" type="stmt" count="1"/>
      <line num="1071" type="stmt" count="1"/>
      <line num="1074" type="stmt" count="1"/>
      <line num="1086" type="stmt" count="0"/>
      <line num="1088" type="stmt" count="0"/>
      <line num="1090" type="stmt" count="0"/>
      <line num="1092" type="stmt" count="0"/>
      <line num="1093" type="stmt" count="0"/>
      <line num="1094" type="stmt" count="0"/>
      <line num="1097" type="stmt" count="0"/>
      <line num="1100" type="stmt" count="0"/>
      <line num="1109" type="stmt" count="0"/>
      <line num="1111" type="stmt" count="0"/>
      <line num="1113" type="stmt" count="0"/>
      <line num="1125" type="stmt" count="0"/>
      <line num="1126" type="stmt" count="0"/>
      <line num="1129" type="stmt" count="0"/>
      <line num="1140" type="stmt" count="0"/>
      <line num="1151" type="stmt" count="1"/>
      <line num="1152" type="stmt" count="1"/>
      <line num="1172" type="stmt" count="1"/>
      <line num="1174" type="stmt" count="1"/>
      <line num="1175" type="stmt" count="0"/>
      <line num="1178" type="stmt" count="1"/>
      <line num="1180" type="stmt" count="1"/>
      <line num="1195" type="stmt" count="0"/>
      <line num="1197" type="stmt" count="0"/>
      <line num="1198" type="stmt" count="0"/>
      <line num="1201" type="stmt" count="0"/>
      <line num="1203" type="stmt" count="0"/>
      <line num="1218" type="stmt" count="0"/>
      <line num="1220" type="stmt" count="0"/>
      <line num="1221" type="stmt" count="0"/>
      <line num="1224" type="stmt" count="0"/>
      <line num="1226" type="stmt" count="0"/>
      <line num="1240" type="stmt" count="0"/>
      <line num="1242" type="stmt" count="0"/>
      <line num="1243" type="stmt" count="0"/>
      <line num="1246" type="stmt" count="0"/>
      <line num="1248" type="stmt" count="0"/>
      <line num="1262" type="stmt" count="0"/>
      <line num="1264" type="stmt" count="0"/>
      <line num="1265" type="stmt" count="0"/>
      <line num="1268" type="stmt" count="0"/>
      <line num="1270" type="stmt" count="0"/>
      <line num="1284" type="stmt" count="0"/>
      <line num="1286" type="stmt" count="0"/>
      <line num="1287" type="stmt" count="0"/>
      <line num="1290" type="stmt" count="0"/>
      <line num="1292" type="stmt" count="0"/>
      <line num="1303" type="stmt" count="1"/>
      <line num="1304" type="stmt" count="0"/>
      <line num="1316" type="stmt" count="1"/>
      <line num="1317" type="stmt" count="0"/>
      <line num="1318" type="stmt" count="0"/>
      <line num="1320" type="stmt" count="0"/>
      <line num="1323" type="stmt" count="0"/>
      <line num="1324" type="stmt" count="0"/>
      <line num="1325" type="stmt" count="0"/>
      <line num="1328" type="stmt" count="0"/>
      <line num="1329" type="stmt" count="1"/>
      <line num="1334" type="stmt" count="1"/>
      <line num="1335" type="stmt" count="0"/>
      <line num="1336" type="stmt" count="1"/>
      <line num="1343" type="stmt" count="1"/>
      <line num="1345" type="stmt" count="1"/>
      <line num="1356" type="stmt" count="0"/>
      <line num="1367" type="stmt" count="0"/>
      <line num="1368" type="stmt" count="0"/>
      <line num="1371" type="stmt" count="0"/>
      <line num="1380" type="stmt" count="0"/>
      <line num="1395" type="stmt" count="0"/>
      <line num="1397" type="stmt" count="0"/>
      <line num="1407" type="stmt" count="0"/>
      <line num="1409" type="stmt" count="0"/>
      <line num="1420" type="stmt" count="0"/>
      <line num="1422" type="stmt" count="0"/>
      <line num="1424" type="stmt" count="0"/>
      <line num="1436" type="stmt" count="0"/>
      <line num="1437" type="stmt" count="0"/>
      <line num="1439" type="stmt" count="0"/>
      <line num="1440" type="stmt" count="0"/>
      <line num="1443" type="stmt" count="0"/>
      <line num="1444" type="stmt" count="0"/>
      <line num="1445" type="stmt" count="0"/>
      <line num="1449" type="stmt" count="0"/>
      <line num="1450" type="stmt" count="0"/>
      <line num="1451" type="stmt" count="0"/>
      <line num="1452" type="stmt" count="0"/>
      <line num="1456" type="stmt" count="0"/>
      <line num="1457" type="stmt" count="0"/>
      <line num="1459" type="stmt" count="0"/>
      <line num="1460" type="stmt" count="0"/>
      <line num="1461" type="stmt" count="0"/>
      <line num="1467" type="stmt" count="0"/>
      <line num="1468" type="stmt" count="0"/>
      <line num="1470" type="stmt" count="0"/>
      <line num="1480" type="stmt" count="1"/>
      <line num="1481" type="stmt" count="0"/>
      <line num="1484" type="stmt" count="1"/>
      <line num="1485" type="stmt" count="0"/>
      <line num="1488" type="stmt" count="1"/>
      <line num="1489" type="stmt" count="0"/>
      <line num="1492" type="stmt" count="1"/>
      <line num="1493" type="stmt" count="1"/>
      <line num="1504" type="stmt" count="0"/>
      <line num="1506" type="stmt" count="0"/>
      <line num="1508" type="stmt" count="0"/>
      <line num="1513" type="stmt" count="0"/>
      <line num="1515" type="stmt" count="0"/>
      <line num="1516" type="stmt" count="0"/>
      <line num="1517" type="stmt" count="0"/>
      <line num="1518" type="stmt" count="0"/>
      <line num="1520" type="stmt" count="0"/>
      <line num="1521" type="stmt" count="0"/>
      <line num="1527" type="stmt" count="0"/>
      <line num="1529" type="stmt" count="0"/>
      <line num="1530" type="stmt" count="0"/>
      <line num="1531" type="stmt" count="0"/>
      <line num="1532" type="stmt" count="0"/>
      <line num="1533" type="stmt" count="0"/>
      <line num="1535" type="stmt" count="0"/>
      <line num="1536" type="stmt" count="0"/>
      <line num="1542" type="stmt" count="0"/>
      <line num="1544" type="stmt" count="0"/>
      <line num="1545" type="stmt" count="0"/>
      <line num="1551" type="stmt" count="0"/>
      <line num="1553" type="stmt" count="0"/>
      <line num="1554" type="stmt" count="0"/>
      <line num="1557" type="stmt" count="0"/>
      <line num="1558" type="stmt" count="0"/>
      <line num="1564" type="stmt" count="0"/>
      <line num="1566" type="stmt" count="0"/>
      <line num="1567" type="stmt" count="0"/>
      <line num="1570" type="stmt" count="0"/>
      <line num="1571" type="stmt" count="0"/>
      <line num="1577" type="stmt" count="0"/>
      <line num="1578" type="stmt" count="0"/>
      <line num="1580" type="stmt" count="0"/>
      <line num="1581" type="stmt" count="0"/>
      <line num="1584" type="stmt" count="0"/>
      <line num="1586" type="stmt" count="0"/>
      <line num="1597" type="stmt" count="0"/>
      <line num="1598" type="stmt" count="0"/>
      <line num="1599" type="stmt" count="0"/>
      <line num="1602" type="stmt" count="0"/>
      <line num="1603" type="stmt" count="0"/>
      <line num="1605" type="stmt" count="0"/>
      <line num="1608" type="stmt" count="0"/>
      <line num="1610" type="stmt" count="0"/>
      <line num="1611" type="stmt" count="0"/>
      <line num="1615" type="stmt" count="0"/>
      <line num="1617" type="stmt" count="0"/>
      <line num="1618" type="stmt" count="0"/>
      <line num="1619" type="stmt" count="0"/>
      <line num="1633" type="stmt" count="0"/>
      <line num="1634" type="stmt" count="0"/>
      <line num="1637" type="stmt" count="0"/>
      <line num="1639" type="stmt" count="0"/>
      <line num="1640" type="stmt" count="0"/>
      <line num="1641" type="stmt" count="0"/>
      <line num="1648" type="stmt" count="0"/>
      <line num="1649" type="stmt" count="0"/>
      <line num="1654" type="stmt" count="0"/>
      <line num="1655" type="stmt" count="0"/>
      <line num="1657" type="stmt" count="0"/>
      <line num="1658" type="stmt" count="0"/>
      <line num="1659" type="stmt" count="0"/>
      <line num="1660" type="stmt" count="0"/>
      <line num="1661" type="stmt" count="0"/>
      <line num="1664" type="stmt" count="0"/>
      <line num="1665" type="stmt" count="0"/>
      <line num="1666" type="stmt" count="0"/>
      <line num="1667" type="stmt" count="0"/>
      <line num="1669" type="stmt" count="0"/>
      <line num="1670" type="stmt" count="0"/>
      <line num="1673" type="stmt" count="0"/>
      <line num="1674" type="stmt" count="0"/>
      <line num="1676" type="stmt" count="0"/>
      <line num="1679" type="stmt" count="0"/>
      <line num="1686" type="stmt" count="0"/>
      <line num="1687" type="stmt" count="0"/>
      <line num="1689" type="stmt" count="0"/>
      <line num="1690" type="stmt" count="0"/>
      <line num="1691" type="stmt" count="0"/>
      <line num="1693" type="stmt" count="0"/>
      <line num="1694" type="stmt" count="0"/>
      <line num="1698" type="stmt" count="0"/>
      <line num="1705" type="stmt" count="0"/>
      <line num="1707" type="stmt" count="0"/>
      <line num="1711" type="stmt" count="0"/>
      <line num="1716" type="stmt" count="0"/>
      <line num="1719" type="stmt" count="0"/>
      <line num="1720" type="stmt" count="0"/>
      <line num="1723" type="stmt" count="0"/>
      <line num="1724" type="stmt" count="0"/>
      <line num="1726" type="stmt" count="0"/>
      <line num="1727" type="stmt" count="0"/>
      <line num="1728" type="stmt" count="0"/>
      <line num="1729" type="stmt" count="0"/>
      <line num="1735" type="stmt" count="0"/>
      <line num="1746" type="stmt" count="0"/>
      <line num="1748" type="stmt" count="0"/>
      <line num="1758" type="stmt" count="0"/>
      <line num="1767" type="stmt" count="0"/>
      <line num="1776" type="stmt" count="0"/>
      <line num="1787" type="stmt" count="1"/>
      <line num="1788" type="stmt" count="0"/>
      <line num="1791" type="stmt" count="1"/>
      <line num="1792" type="stmt" count="0"/>
      <line num="1795" type="stmt" count="1"/>
      <line num="1796" type="stmt" count="0"/>
      <line num="1799" type="stmt" count="1"/>
      <line num="1800" type="stmt" count="0"/>
      <line num="1803" type="stmt" count="1"/>
      <line num="1804" type="stmt" count="0"/>
      <line num="1807" type="stmt" count="1"/>
      <line num="1809" type="stmt" count="1"/>
      <line num="1818" type="stmt" count="1"/>
      <line num="1820" type="stmt" count="0"/>
      <line num="1822" type="stmt" count="0"/>
      <line num="1824" type="stmt" count="0"/>
      <line num="1825" type="stmt" count="0"/>
      <line num="1826" type="stmt" count="1"/>
      <line num="1835" type="stmt" count="1"/>
      <line num="1836" type="stmt" count="0"/>
      <line num="1838" type="stmt" count="0"/>
      <line num="1840" type="stmt" count="0"/>
      <line num="1841" type="stmt" count="0"/>
      <line num="1842" type="stmt" count="0"/>
      <line num="1844" type="stmt" count="0"/>
      <line num="1847" type="stmt" count="0"/>
      <line num="1848" type="stmt" count="0"/>
      <line num="1869" type="stmt" count="1"/>
      <line num="1870" type="stmt" count="0"/>
      <line num="1873" type="stmt" count="1"/>
      <line num="1888" type="stmt" count="1"/>
      <line num="1892" type="stmt" count="1"/>
      <line num="1911" type="stmt" count="0"/>
      <line num="1915" type="stmt" count="0"/>
      <line num="1930" type="stmt" count="1"/>
      <line num="1932" type="stmt" count="1"/>
      <line num="1934" type="stmt" count="1"/>
      <line num="1940" type="stmt" count="0"/>
      <line num="1941" type="stmt" count="0"/>
      <line num="1960" type="stmt" count="0"/>
      <line num="1962" type="stmt" count="0"/>
      <line num="1979" type="stmt" count="0"/>
      <line num="1991" type="stmt" count="0"/>
      <line num="2002" type="stmt" count="0"/>
      <line num="2013" type="stmt" count="0"/>
      <line num="2023" type="stmt" count="0"/>
      <line num="2024" type="stmt" count="0"/>
      <line num="2027" type="stmt" count="0"/>
      <line num="2037" type="stmt" count="0"/>
      <line num="2056" type="stmt" count="0"/>
      <line num="2057" type="stmt" count="0"/>
      <line num="2059" type="stmt" count="0"/>
      <line num="2071" type="stmt" count="0"/>
      <line num="2073" type="stmt" count="0"/>
      <line num="2075" type="stmt" count="0"/>
      <line num="2076" type="stmt" count="0"/>
      <line num="2077" type="stmt" count="0"/>
      <line num="2080" type="stmt" count="0"/>
      <line num="2081" type="stmt" count="0"/>
      <line num="2084" type="stmt" count="0"/>
      <line num="2085" type="stmt" count="0"/>
      <line num="2089" type="stmt" count="0"/>
      <line num="2090" type="stmt" count="0"/>
      <line num="2091" type="stmt" count="0"/>
      <line num="2104" type="stmt" count="0"/>
      <line num="2106" type="stmt" count="0"/>
      <line num="2107" type="stmt" count="0"/>
      <line num="2110" type="stmt" count="0"/>
      <line num="2111" type="stmt" count="0"/>
      <line num="2114" type="stmt" count="0"/>
      <line num="2115" type="stmt" count="0"/>
      <line num="2116" type="stmt" count="0"/>
      <line num="2125" type="stmt" count="0"/>
      <line num="2129" type="stmt" count="0"/>
      <line num="2131" type="stmt" count="0"/>
      <line num="2141" type="stmt" count="0"/>
      <line num="2142" type="stmt" count="0"/>
      <line num="2144" type="stmt" count="0"/>
      <line num="2154" type="stmt" count="0"/>
      <line num="2156" type="stmt" count="0"/>
      <line num="2165" type="stmt" count="1"/>
      <line num="2175" type="stmt" count="1"/>
      <line num="2176" type="stmt" count="0"/>
      <line num="2179" type="stmt" count="1"/>
      <line num="2181" type="stmt" count="1"/>
      <line num="2182" type="stmt" count="1"/>
      <line num="2183" type="stmt" count="1"/>
      <line num="2187" type="stmt" count="1"/>
      <line num="2198" type="stmt" count="1"/>
      <line num="2199" type="stmt" count="0"/>
      <line num="2202" type="stmt" count="1"/>
      <line num="2203" type="stmt" count="0"/>
      <line num="2206" type="stmt" count="1"/>
      <line num="2211" type="stmt" count="1"/>
      <line num="2213" type="stmt" count="1"/>
      <line num="2214" type="stmt" count="1"/>
      <line num="2215" type="stmt" count="1"/>
      <line num="2217" type="stmt" count="1"/>
      <line num="2218" type="stmt" count="1"/>
      <line num="2221" type="stmt" count="1"/>
      <line num="2222" type="stmt" count="1"/>
      <line num="2225" type="stmt" count="1"/>
      <line num="2227" type="stmt" count="1"/>
      <line num="2228" type="stmt" count="1"/>
      <line num="2229" type="stmt" count="1"/>
      <line num="2230" type="stmt" count="1"/>
      <line num="2231" type="stmt" count="1"/>
      <line num="2235" type="stmt" count="1"/>
      <line num="2236" type="stmt" count="1"/>
      <line num="2239" type="stmt" count="1"/>
      <line num="2240" type="stmt" count="1"/>
      <line num="2242" type="stmt" count="1"/>
      <line num="2245" type="stmt" count="1"/>
      <line num="2246" type="stmt" count="0"/>
      <line num="2258" type="stmt" count="0"/>
      <line num="2259" type="stmt" count="0"/>
      <line num="2262" type="stmt" count="0"/>
      <line num="2263" type="stmt" count="0"/>
      <line num="2264" type="stmt" count="0"/>
      <line num="2266" type="stmt" count="0"/>
      <line num="2268" type="stmt" count="0"/>
      <line num="2270" type="stmt" count="0"/>
      <line num="2282" type="stmt" count="0"/>
      <line num="2283" type="stmt" count="0"/>
      <line num="2285" type="stmt" count="0"/>
      <line num="2286" type="stmt" count="0"/>
      <line num="2287" type="stmt" count="0"/>
      <line num="2292" type="stmt" count="0"/>
      <line num="2293" type="stmt" count="0"/>
      <line num="2296" type="stmt" count="0"/>
      <line num="2298" type="stmt" count="0"/>
      <line num="2311" type="stmt" count="0"/>
      <line num="2312" type="stmt" count="0"/>
      <line num="2314" type="stmt" count="0"/>
      <line num="2324" type="stmt" count="0"/>
      <line num="2325" type="stmt" count="0"/>
      <line num="2326" type="stmt" count="0"/>
      <line num="2331" type="stmt" count="0"/>
      <line num="2332" type="stmt" count="0"/>
      <line num="2334" type="stmt" count="0"/>
      <line num="2335" type="stmt" count="0"/>
      <line num="2338" type="stmt" count="0"/>
      <line num="2339" type="stmt" count="0"/>
      <line num="2341" type="stmt" count="0"/>
      <line num="2343" type="stmt" count="0"/>
      <line num="2357" type="stmt" count="0"/>
      <line num="2358" type="stmt" count="0"/>
      <line num="2361" type="stmt" count="0"/>
      <line num="2373" type="stmt" count="0"/>
      <line num="2375" type="stmt" count="0"/>
      <line num="2377" type="stmt" count="0"/>
      <line num="2379" type="stmt" count="0"/>
      <line num="2381" type="stmt" count="0"/>
      <line num="2391" type="stmt" count="0"/>
      <line num="2392" type="stmt" count="0"/>
      <line num="2394" type="stmt" count="0"/>
      <line num="2396" type="stmt" count="0"/>
      <line num="2406" type="stmt" count="0"/>
      <line num="2407" type="stmt" count="0"/>
      <line num="2409" type="stmt" count="0"/>
      <line num="2411" type="stmt" count="0"/>
      <line num="2422" type="stmt" count="0"/>
      <line num="2424" type="stmt" count="0"/>
      <line num="2425" type="stmt" count="0"/>
      <line num="2427" type="stmt" count="0"/>
      <line num="2428" type="stmt" count="0"/>
      <line num="2432" type="stmt" count="0"/>
      <line num="2433" type="stmt" count="0"/>
      <line num="2435" type="stmt" count="0"/>
      <line num="2437" type="stmt" count="0"/>
      <line num="2451" type="stmt" count="0"/>
      <line num="2453" type="stmt" count="0"/>
      <line num="2454" type="stmt" count="0"/>
      <line num="2455" type="stmt" count="0"/>
      <line num="2456" type="stmt" count="0"/>
      <line num="2459" type="stmt" count="0"/>
      <line num="2460" type="stmt" count="0"/>
      <line num="2462" type="stmt" count="0"/>
      <line num="2464" type="stmt" count="0"/>
      <line num="2470" type="stmt" count="0"/>
      <line num="2472" type="stmt" count="0"/>
      <line num="2473" type="stmt" count="0"/>
      <line num="2476" type="stmt" count="0"/>
      <line num="2492" type="stmt" count="0"/>
      <line num="2494" type="stmt" count="0"/>
      <line num="2495" type="stmt" count="0"/>
      <line num="2498" type="stmt" count="0"/>
      <line num="2509" type="stmt" count="0"/>
      <line num="2511" type="stmt" count="0"/>
      <line num="2521" type="stmt" count="0"/>
      <line num="2522" type="stmt" count="0"/>
      <line num="2525" type="stmt" count="0"/>
      <line num="2526" type="stmt" count="0"/>
      <line num="2529" type="stmt" count="0"/>
      <line num="2542" type="stmt" count="0"/>
      <line num="2543" type="stmt" count="0"/>
      <line num="2544" type="stmt" count="0"/>
      <line num="2546" type="stmt" count="0"/>
      <line num="2548" type="stmt" count="0"/>
      <line num="2549" type="stmt" count="0"/>
      <line num="2551" type="stmt" count="0"/>
      <line num="2561" type="stmt" count="0"/>
      <line num="2563" type="stmt" count="0"/>
      <line num="2565" type="stmt" count="0"/>
      <line num="2566" type="stmt" count="0"/>
      <line num="2569" type="stmt" count="0"/>
      <line num="2579" type="stmt" count="0"/>
      <line num="2580" type="stmt" count="0"/>
      <line num="2583" type="stmt" count="0"/>
      <line num="2585" type="stmt" count="0"/>
      <line num="2586" type="stmt" count="0"/>
      <line num="2589" type="stmt" count="0"/>
      <line num="2590" type="stmt" count="0"/>
      <line num="2593" type="stmt" count="0"/>
      <line num="2604" type="stmt" count="0"/>
      <line num="2606" type="stmt" count="0"/>
      <line num="2616" type="stmt" count="0"/>
      <line num="2626" type="stmt" count="0"/>
      <line num="2627" type="stmt" count="0"/>
      <line num="2630" type="stmt" count="0"/>
      <line num="2646" type="stmt" count="0"/>
      <line num="2648" type="stmt" count="0"/>
      <line num="2658" type="stmt" count="1"/>
      <line num="2659" type="stmt" count="1"/>
      <line num="2662" type="stmt" count="1"/>
      <line num="2678" type="stmt" count="0"/>
      <line num="2680" type="stmt" count="0"/>
      <line num="2681" type="stmt" count="0"/>
      <line num="2682" type="stmt" count="0"/>
      <line num="2686" type="stmt" count="0"/>
      <line num="2687" type="stmt" count="0"/>
      <line num="2689" type="stmt" count="0"/>
      <line num="2692" type="stmt" count="0"/>
      <line num="2702" type="stmt" count="0"/>
      <line num="2717" type="stmt" count="1"/>
      <line num="2728" type="stmt" count="0"/>
      <line num="2730" type="stmt" count="0"/>
      <line num="2741" type="stmt" count="0"/>
      <line num="2744" type="stmt" count="0"/>
      <line num="2755" type="stmt" count="1"/>
      <line num="2756" type="stmt" count="0"/>
      <line num="2759" type="stmt" count="1"/>
      <line num="2771" type="stmt" count="1"/>
      <line num="2772" type="stmt" count="1"/>
      <line num="2783" type="stmt" count="0"/>
      <line num="2794" type="stmt" count="0"/>
      <line num="2795" type="stmt" count="0"/>
      <line num="2810" type="stmt" count="0"/>
      <line num="2822" type="stmt" count="0"/>
      <line num="2823" type="stmt" count="0"/>
      <line num="2826" type="stmt" count="0"/>
      <line num="2828" type="stmt" count="0"/>
      <line num="2831" type="stmt" count="0"/>
      <line num="2835" type="stmt" count="0"/>
      <line num="2836" type="stmt" count="0"/>
      <line num="2838" type="stmt" count="0"/>
      <line num="2842" type="stmt" count="0"/>
      <line num="2843" type="stmt" count="0"/>
      <line num="2845" type="stmt" count="0"/>
      <line num="2849" type="stmt" count="0"/>
      <line num="2852" type="stmt" count="0"/>
      <line num="2853" type="stmt" count="0"/>
      <line num="2857" type="stmt" count="0"/>
      <line num="2867" type="stmt" count="0"/>
      <line num="2868" type="stmt" count="0"/>
      <line num="2869" type="stmt" count="0"/>
      <line num="2872" type="stmt" count="0"/>
      <line num="2875" type="stmt" count="0"/>
      <line num="2884" type="stmt" count="0"/>
      <line num="2885" type="stmt" count="0"/>
      <line num="2888" type="stmt" count="0"/>
      <line num="2903" type="stmt" count="0"/>
      <line num="2913" type="stmt" count="0"/>
      <line num="2924" type="stmt" count="0"/>
      <line num="2935" type="stmt" count="0"/>
      <line num="2936" type="stmt" count="0"/>
      <line num="2939" type="stmt" count="0"/>
      <line num="2941" type="stmt" count="0"/>
      <line num="2942" type="stmt" count="0"/>
      <line num="2945" type="stmt" count="0"/>
      <line num="2961" type="stmt" count="0"/>
      <line num="2971" type="stmt" count="0"/>
      <line num="2985" type="stmt" count="0"/>
      <line num="2987" type="stmt" count="0"/>
      <line num="2996" type="stmt" count="0"/>
      <line num="3006" type="stmt" count="0"/>
      <line num="3007" type="stmt" count="0"/>
      <line num="3009" type="stmt" count="0"/>
      <line num="3011" type="stmt" count="0"/>
      <line num="3012" type="stmt" count="0"/>
      <line num="3014" type="stmt" count="0"/>
      <line num="3015" type="stmt" count="0"/>
      <line num="3018" type="stmt" count="0"/>
      <line num="3033" type="stmt" count="0"/>
      <line num="3035" type="stmt" count="0"/>
      <line num="3036" type="stmt" count="0"/>
      <line num="3037" type="stmt" count="0"/>
      <line num="3038" type="stmt" count="0"/>
      <line num="3040" type="stmt" count="0"/>
      <line num="3049" type="stmt" count="0"/>
      <line num="3064" type="stmt" count="0"/>
      <line num="3074" type="stmt" count="0"/>
      <line num="3076" type="stmt" count="0"/>
      <line num="3091" type="stmt" count="1"/>
      <line num="3103" type="stmt" count="0"/>
      <line num="3104" type="stmt" count="0"/>
      <line num="3107" type="stmt" count="0"/>
      <line num="3108" type="stmt" count="0"/>
      <line num="3109" type="stmt" count="0"/>
      <line num="3113" type="stmt" count="0"/>
      <line num="3115" type="stmt" count="0"/>
      <line num="3124" type="stmt" count="0"/>
      <line num="3139" type="stmt" count="0"/>
      <line num="3141" type="stmt" count="0"/>
      <line num="3150" type="stmt" count="0"/>
      <line num="3160" type="stmt" count="0"/>
      <line num="3161" type="stmt" count="0"/>
      <line num="3162" type="stmt" count="0"/>
      <line num="3166" type="stmt" count="0"/>
      <line num="3167" type="stmt" count="0"/>
      <line num="3170" type="stmt" count="0"/>
      <line num="3185" type="stmt" count="0"/>
      <line num="3187" type="stmt" count="0"/>
      <line num="3188" type="stmt" count="0"/>
      <line num="3189" type="stmt" count="0"/>
      <line num="3190" type="stmt" count="0"/>
      <line num="3191" type="stmt" count="0"/>
      <line num="3192" type="stmt" count="0"/>
      <line num="3195" type="stmt" count="0"/>
      <line num="3196" type="stmt" count="0"/>
      <line num="3199" type="stmt" count="0"/>
      <line num="3209" type="stmt" count="1"/>
      <line num="3219" type="stmt" count="1"/>
      <line num="3222" type="stmt" count="1"/>
      <line num="3224" type="stmt" count="1"/>
      <line num="3225" type="stmt" count="1"/>
      <line num="3227" type="stmt" count="1"/>
      <line num="3228" type="stmt" count="0"/>
      <line num="3229" type="stmt" count="1"/>
      <line num="3233" type="stmt" count="1"/>
      <line num="3234" type="stmt" count="0"/>
      <line num="3235" type="stmt" count="0"/>
      <line num="3239" type="stmt" count="1"/>
      <line num="3241" type="stmt" count="1"/>
      <line num="3242" type="stmt" count="0"/>
      <line num="3243" type="stmt" count="0"/>
      <line num="3247" type="stmt" count="1"/>
      <line num="3251" type="stmt" count="0"/>
      <line num="3254" type="stmt" count="1"/>
      <line num="3260" type="stmt" count="1"/>
      <line num="3262" type="stmt" count="1"/>
      <line num="3263" type="stmt" count="1"/>
      <line num="3266" type="stmt" count="1"/>
      <line num="3275" type="stmt" count="1"/>
      <line num="3277" type="stmt" count="1"/>
      <line num="3278" type="stmt" count="0"/>
      <line num="3279" type="stmt" count="0"/>
      <line num="3283" type="stmt" count="1"/>
      <line num="3292" type="stmt" count="0"/>
      <line num="3302" type="stmt" count="0"/>
      <line num="3311" type="stmt" count="0"/>
      <line num="3321" type="stmt" count="0"/>
      <line num="3322" type="stmt" count="0"/>
      <line num="3323" type="stmt" count="0"/>
      <line num="3324" type="stmt" count="0"/>
      <line num="3326" type="stmt" count="0"/>
      <line num="3327" type="stmt" count="0"/>
      <line num="33" type="stmt" count="1"/>
      <line num="36" type="stmt" count="1"/>
      <line num="3330" type="stmt" count="1"/>
      <line num="375" type="stmt" count="1"/>
      <line num="427" type="stmt" count="1"/>
      <line num="408" type="stmt" count="1"/>
      <line num="968" type="stmt" count="1"/>
      <line num="1048" type="stmt" count="1"/>
      <line num="998" type="stmt" count="1"/>
      <line num="1064" type="stmt" count="1"/>
      <line num="1154" type="stmt" count="1"/>
      <line num="0" type="stmt" count="1"/>
      <line num="984" type="stmt" count="1"/>
      <line num="915" type="stmt" count="1"/>
      <line num="1035" type="stmt" count="1"/>
      <line num="931" type="stmt" count="1"/>
      <line num="1886" type="stmt" count="1"/>
      <line num="1928" type="stmt" count="1"/>
      <line num="2753" type="stmt" count="1"/>
      <line num="1852" type="stmt" count="1"/>
      <line num="1495" type="stmt" count="1"/>
      <line num="2774" type="stmt" count="1"/>
      <line num="712" type="stmt" count="1"/>
      <line num="807" type="stmt" count="1"/>
      <line num="952" type="stmt" count="1"/>
      <line num="1867" type="stmt" count="1"/>
      <line num="2248" type="stmt" count="1"/>
      <line num="1170" type="stmt" count="1"/>
      <line num="1306" type="stmt" count="1"/>
      <line num="2188" type="stmt" count="1"/>
    </file>
    <file name="/opt/git/datagrid/src/CsvDataModel.php">
      <metrics loc="95" ncloc="66" classes="1" methods="4" coveredmethods="3" statements="20" coveredstatements="16" elements="24" coveredelements="19" conditionals="0" coveredconditionals="0"/>
      <class namespace="Ublaboo\DataGrid" name="CsvDataModel">
        <metrics methods="4" coveredmethods="3" statements="20" coveredstatements="16" conditionals="0" coveredconditionals="0" elements="24" coveredelements="19"/>
      </class>
      <line num="37" type="stmt" count="1"/>
      <line num="38" type="stmt" count="1"/>
      <line num="39" type="stmt" count="1"/>
      <line num="49" type="stmt" count="1"/>
      <line num="51" type="stmt" count="1"/>
      <line num="52" type="stmt" count="1"/>
      <line num="55" type="stmt" count="1"/>
      <line num="56" type="stmt" count="1"/>
      <line num="59" type="stmt" count="1"/>
      <line num="69" type="stmt" count="1"/>
      <line num="71" type="stmt" count="1"/>
      <line num="72" type="stmt" count="1"/>
      <line num="75" type="stmt" count="1"/>
      <line num="86" type="stmt" count="0"/>
      <line num="88" type="stmt" count="0"/>
      <line num="89" type="stmt" count="0"/>
      <line num="92" type="stmt" count="0"/>
      <line num="14" type="stmt" count="1"/>
      <line num="95" type="stmt" count="1"/>
      <line num="35" type="stmt" count="1"/>
      <line num="40" type="stmt" count="1"/>
      <line num="47" type="stmt" count="1"/>
    </file>
    <file name="/opt/git/datagrid/src/Utils/DateTimeHelper.php">
      <metrics loc="84" ncloc="58" classes="1" methods="3" coveredmethods="0" statements="33" coveredstatements="0" elements="36" coveredelements="0" conditionals="0" coveredconditionals="0"/>
      <class namespace="Ublaboo\DataGrid\Utils" name="DateTimeHelper">
        <metrics methods="3" coveredmethods="0" statements="33" coveredstatements="0" conditionals="0" coveredconditionals="0" elements="36" coveredelements="0"/>
      </class>
    </file>
    <file name="/opt/git/datagrid/src/Utils/ArraysHelper.php">
      <metrics loc="65" ncloc="50" classes="1" methods="2" coveredmethods="0" statements="30" coveredstatements="0" elements="32" coveredelements="0" conditionals="0" coveredconditionals="0"/>
      <class namespace="Ublaboo\DataGrid\Utils" name="ArraysHelper">
        <metrics methods="2" coveredmethods="0" statements="30" coveredstatements="0" conditionals="0" coveredconditionals="0" elements="32" coveredelements="0"/>
      </class>
    </file>
    <file name="/opt/git/datagrid/src/Utils/Sorting.php">
      <metrics loc="51" ncloc="34" classes="1" methods="3" coveredmethods="3" statements="6" coveredstatements="6" elements="9" coveredelements="9" conditionals="0" coveredconditionals="0"/>
      <class namespace="Ublaboo\DataGrid\Utils" name="Sorting">
        <metrics methods="3" coveredmethods="3" statements="6" coveredstatements="6" conditionals="0" coveredconditionals="0" elements="9" coveredelements="9"/>
      </class>
      <line num="29" type="stmt" count="1"/>
      <line num="30" type="stmt" count="1"/>
      <line num="39" type="stmt" count="1"/>
      <line num="48" type="stmt" count="1"/>
      <line num="13" type="stmt" count="1"/>
      <line num="51" type="stmt" count="1"/>
      <line num="27" type="stmt" count="1"/>
      <line num="31" type="stmt" count="1"/>
    </file>
    <file name="/opt/git/datagrid/src/Utils/NetteDatabaseSelectionHelper.php">
      <metrics loc="34" ncloc="29" classes="1" methods="2" coveredmethods="0" statements="9" coveredstatements="0" elements="11" coveredelements="0" conditionals="0" coveredconditionals="0"/>
      <class namespace="Ublaboo\DataGrid\Utils" name="NetteDatabaseSelectionHelper">
        <metrics methods="2" coveredmethods="0" statements="9" coveredstatements="0" conditionals="0" coveredconditionals="0" elements="11" coveredelements="0"/>
      </class>
    </file>
    <file name="/opt/git/datagrid/src/Utils/PropertyAccessHelper.php">
      <metrics loc="29" ncloc="24" classes="1" methods="1" coveredmethods="1" statements="3" coveredstatements="3" elements="4" coveredelements="4" conditionals="0" coveredconditionals="0"/>
      <class namespace="Ublaboo\DataGrid\Utils" name="PropertyAccessHelper">
        <metrics methods="1" coveredmethods="1" statements="3" coveredstatements="3" conditionals="0" coveredconditionals="0" elements="4" coveredelements="4"/>
      </class>
      <line num="22" type="stmt" count="1"/>
      <line num="23" type="stmt" count="1"/>
      <line num="26" type="stmt" count="1"/>
      <line num="14" type="stmt" count="1"/>
      <line num="29" type="stmt" count="1"/>
    </file>
    <file name="/opt/git/datagrid/src/Utils/ItemDetailForm.php">
      <metrics loc="111" ncloc="80" classes="1" methods="6" coveredmethods="0" statements="34" coveredstatements="0" elements="40" coveredelements="0" conditionals="0" coveredconditionals="0"/>
      <class namespace="Ublaboo\DataGrid\Utils" name="ItemDetailForm">
        <metrics methods="6" coveredmethods="0" statements="34" coveredstatements="0" conditionals="0" coveredconditionals="0" elements="40" coveredelements="0"/>
      </class>
    </file>
    <file name="/opt/git/datagrid/src/InlineEdit/InlineEdit.php">
      <metrics loc="250" ncloc="163" classes="1" methods="12" coveredmethods="0" statements="61" coveredstatements="0" elements="73" coveredelements="0" conditionals="0" coveredconditionals="0"/>
      <class namespace="Ublaboo\DataGrid\InlineEdit" name="InlineEdit">
        <metrics methods="12" coveredmethods="0" statements="61" coveredstatements="0" conditionals="0" coveredconditionals="0" elements="73" coveredelements="0"/>
      </class>
    </file>
    <file name="/opt/git/datagrid/src/Exception/DataGridException.php">
      <metrics loc="7" ncloc="7" classes="1" methods="0" coveredmethods="0" statements="0" coveredstatements="0" elements="0" coveredelements="0" conditionals="0" coveredconditionals="0"/>
      <class namespace="Ublaboo\DataGrid\Exception" name="DataGridException">
        <metrics methods="0" coveredmethods="0" statements="0" coveredstatements="0" conditionals="0" coveredconditionals="0" elements="0" coveredelements="0"/>
      </class>
      <line num="5" type="stmt" count="1"/>
      <line num="7" type="stmt" count="1"/>
    </file>
    <file name="/opt/git/datagrid/src/Exception/DataGridColumnNotFoundException.php">
      <metrics loc="7" ncloc="7" classes="1" methods="0" coveredmethods="0" statements="0" coveredstatements="0" elements="0" coveredelements="0" conditionals="0" coveredconditionals="0"/>
      <class namespace="Ublaboo\DataGrid\Exception" name="DataGridColumnNotFoundException">
        <metrics methods="0" coveredmethods="0" statements="0" coveredstatements="0" conditionals="0" coveredconditionals="0" elements="0" coveredelements="0"/>
      </class>
    </file>
    <file name="/opt/git/datagrid/src/Exception/DataGridDateTimeHelperException.php">
      <metrics loc="7" ncloc="7" classes="1" methods="0" coveredmethods="0" statements="0" coveredstatements="0" elements="0" coveredelements="0" conditionals="0" coveredconditionals="0"/>
      <class namespace="Ublaboo\DataGrid\Exception" name="DataGridDateTimeHelperException">
        <metrics methods="0" coveredmethods="0" statements="0" coveredstatements="0" conditionals="0" coveredconditionals="0" elements="0" coveredelements="0"/>
      </class>
    </file>
    <file name="/opt/git/datagrid/src/Exception/DataGridFilterNotFoundException.php">
      <metrics loc="7" ncloc="7" classes="1" methods="0" coveredmethods="0" statements="0" coveredstatements="0" elements="0" coveredelements="0" conditionals="0" coveredconditionals="0"/>
      <class namespace="Ublaboo\DataGrid\Exception" name="DataGridFilterNotFoundException">
        <metrics methods="0" coveredmethods="0" statements="0" coveredstatements="0" conditionals="0" coveredconditionals="0" elements="0" coveredelements="0"/>
      </class>
    </file>
    <file name="/opt/git/datagrid/src/Exception/DataGridHasToBeAttachedToPresenterComponentException.php">
      <metrics loc="7" ncloc="7" classes="1" methods="0" coveredmethods="0" statements="0" coveredstatements="0" elements="0" coveredelements="0" conditionals="0" coveredconditionals="0"/>
      <class namespace="Ublaboo\DataGrid\Exception" name="DataGridHasToBeAttachedToPresenterComponentException">
        <metrics methods="0" coveredmethods="0" statements="0" coveredstatements="0" conditionals="0" coveredconditionals="0" elements="0" coveredelements="0"/>
      </class>
    </file>
    <file name="/opt/git/datagrid/src/Exception/DataGridArrayDataSourceException.php">
      <metrics loc="7" ncloc="7" classes="1" methods="0" coveredmethods="0" statements="0" coveredstatements="0" elements="0" coveredelements="0" conditionals="0" coveredconditionals="0"/>
      <class namespace="Ublaboo\DataGrid\Exception" name="DataGridArrayDataSourceException">
[...]
      <class namespace="Ublaboo\DataGrid\Column" name="ItemDetail">
        <metrics methods="16" coveredmethods="0" statements="58" coveredstatements="0" conditionals="0" coveredconditionals="0" elements="74" coveredelements="0"/>
      </class>
    </file>
    <file name="/opt/git/datagrid/src/Column/Renderer.php">
      <metrics loc="58" ncloc="35" classes="1" methods="3" coveredmethods="0" statements="4" coveredstatements="0" elements="7" coveredelements="0" conditionals="0" coveredconditionals="0"/>
      <class namespace="Ublaboo\DataGrid\Column" name="Renderer">
        <metrics methods="3" coveredmethods="0" statements="4" coveredstatements="0" conditionals="0" coveredconditionals="0" elements="7" coveredelements="0"/>
      </class>
    </file>
    <file name="/opt/git/datagrid/src/Column/ActionCallback.php">
      <metrics loc="42" ncloc="21" classes="1" methods="1" coveredmethods="0" statements="6" coveredstatements="0" elements="7" coveredelements="0" conditionals="0" coveredconditionals="0"/>
      <class namespace="Ublaboo\DataGrid\Column" name="ActionCallback">
        <metrics methods="1" coveredmethods="0" statements="6" coveredstatements="0" conditionals="0" coveredconditionals="0" elements="7" coveredelements="0"/>
      </class>
    </file>
    <file name="/opt/git/datagrid/src/Column/ColumnDateTime.php">
      <metrics loc="70" ncloc="43" classes="1" methods="2" coveredmethods="1" statements="10" coveredstatements="6" elements="12" coveredelements="7" conditionals="0" coveredconditionals="0"/>
      <class namespace="Ublaboo\DataGrid\Column" name="ColumnDateTime">
        <metrics methods="2" coveredmethods="1" statements="10" coveredstatements="6" conditionals="0" coveredconditionals="0" elements="12" coveredelements="7"/>
      </class>
      <line num="36" type="stmt" count="1"/>
      <line num="38" type="stmt" count="1"/>
      <line num="43" type="stmt" count="0"/>
      <line num="45" type="stmt" count="0"/>
      <line num="46" type="stmt" count="0"/>
      <line num="50" type="stmt" count="0"/>
      <line num="54" type="stmt" count="1"/>
      <line num="65" type="stmt" count="1"/>
      <line num="67" type="stmt" count="1"/>
      <line num="16" type="stmt" count="1"/>
      <line num="70" type="stmt" count="1"/>
      <line num="34" type="stmt" count="1"/>
    </file>
    <file name="/opt/git/datagrid/src/Column/ColumnText.php">
      <metrics loc="14" ncloc="9" classes="1" methods="0" coveredmethods="0" statements="0" coveredstatements="0" elements="0" coveredelements="0" conditionals="0" coveredconditionals="0"/>
      <class namespace="Ublaboo\DataGrid\Column" name="ColumnText">
        <metrics methods="0" coveredmethods="0" statements="0" coveredstatements="0" conditionals="0" coveredconditionals="0" elements="0" coveredelements="0"/>
      </class>
      <line num="11" type="stmt" count="1"/>
      <line num="14" type="stmt" count="1"/>
    </file>
    <file name="/opt/git/datagrid/src/Column/Action.php">
      <metrics loc="400" ncloc="239" classes="1" methods="16" coveredmethods="9" statements="77" coveredstatements="60" elements="93" coveredelements="69" conditionals="0" coveredconditionals="0"/>
      <class namespace="Ublaboo\DataGrid\Column" name="Action">
        <metrics methods="16" coveredmethods="9" statements="77" coveredstatements="60" conditionals="0" coveredconditionals="0" elements="93" coveredelements="69"/>
      </class>
      <line num="95" type="stmt" count="1"/>
      <line num="96" type="stmt" count="1"/>
      <line num="97" type="stmt" count="1"/>
      <line num="98" type="stmt" count="1"/>
      <line num="113" type="stmt" count="1"/>
      <line num="114" type="stmt" count="1"/>
      <line num="120" type="stmt" count="1"/>
      <line num="121" type="stmt" count="1"/>
      <line num="122" type="stmt" count="1"/>
      <line num="123" type="stmt" count="1"/>
      <line num="126" type="stmt" count="1"/>
      <line num="128" type="stmt" count="1"/>
      <line num="130" type="stmt" count="1"/>
      <line num="131" type="stmt" count="0"/>
      <line num="132" type="stmt" count="0"/>
      <line num="136" type="stmt" count="1"/>
      <line num="137" type="stmt" count="0"/>
      <line num="140" type="stmt" count="1"/>
      <line num="142" type="stmt" count="1"/>
      <line num="143" type="stmt" count="1"/>
      <line num="146" type="stmt" count="1"/>
      <line num="147" type="stmt" count="1"/>
      <line num="150" type="stmt" count="1"/>
      <line num="151" type="stmt" count="1"/>
      <line num="154" type="stmt" count="1"/>
      <line num="165" type="stmt" count="0"/>
      <line num="167" type="stmt" count="0"/>
      <line num="179" type="stmt" count="1"/>
      <line num="181" type="stmt" count="1"/>
      <line num="183" type="stmt" count="1"/>
      <line num="198" type="stmt" count="1"/>
      <line num="210" type="stmt" count="1"/>
      <line num="212" type="stmt" count="1"/>
      <line num="214" type="stmt" count="1"/>
      <line num="229" type="stmt" count="1"/>
      <line num="241" type="stmt" count="1"/>
      <line num="243" type="stmt" count="1"/>
      <line num="245" type="stmt" count="1"/>
      <line num="260" type="stmt" count="1"/>
      <line num="273" type="stmt" count="1"/>
      <line num="275" type="stmt" count="1"/>
      <line num="277" type="stmt" count="1"/>
      <line num="289" type="stmt" count="1"/>
      <line num="290" type="stmt" count="1"/>
      <line num="293" type="stmt" count="1"/>
      <line num="295" type="stmt" count="1"/>
      <line num="296" type="stmt" count="1"/>
      <line num="301" type="stmt" count="0"/>
      <line num="304" type="stmt" count="1"/>
      <line num="305" type="stmt" count="1"/>
      <line num="308" type="stmt" count="0"/>
      <line num="320" type="stmt" count="0"/>
      <line num="322" type="stmt" count="0"/>
      <line num="333" type="stmt" count="0"/>
      <line num="335" type="stmt" count="0"/>
      <line num="347" type="stmt" count="1"/>
      <line num="348" type="stmt" count="0"/>
      <line num="349" type="stmt" count="0"/>
      <line num="369" type="stmt" count="1"/>
      <line num="370" type="stmt" count="1"/>
      <line num="376" type="stmt" count="1"/>
      <line num="377" type="stmt" count="0"/>
      <line num="379" type="stmt" count="0"/>
      <line num="380" type="stmt" count="0"/>
      <line num="383" type="stmt" count="0"/>
      <line num="386" type="stmt" count="1"/>
      <line num="397" type="stmt" count="1"/>
      <line num="19" type="stmt" count="1"/>
      <line num="22" type="stmt" count="1"/>
      <line num="23" type="stmt" count="1"/>
      <line num="24" type="stmt" count="1"/>
      <line num="400" type="stmt" count="1"/>
      <line num="93" type="stmt" count="1"/>
      <line num="99" type="stmt" count="1"/>
      <line num="107" type="stmt" count="1"/>
      <line num="0" type="stmt" count="1"/>
      <line num="255" type="stmt" count="1"/>
      <line num="364" type="stmt" count="1"/>
      <line num="224" type="stmt" count="1"/>
      <line num="287" type="stmt" count="1"/>
      <line num="352" type="stmt" count="1"/>
      <line num="193" type="stmt" count="1"/>
      <line num="271" type="stmt" count="1"/>
    </file>
    <file name="/opt/git/datagrid/src/Column/MultiAction.php">
      <metrics loc="156" ncloc="118" classes="1" methods="6" coveredmethods="0" statements="60" coveredstatements="0" elements="66" coveredelements="0" conditionals="0" coveredconditionals="0"/>
      <class namespace="Ublaboo\DataGrid\Column" name="MultiAction">
        <metrics methods="6" coveredmethods="0" statements="60" coveredstatements="0" conditionals="0" coveredconditionals="0" elements="66" coveredelements="0"/>
      </class>
    </file>
    <file name="/opt/git/datagrid/src/Column/ColumnNumber.php">
      <metrics loc="78" ncloc="50" classes="1" methods="3" coveredmethods="1" statements="13" coveredstatements="9" elements="16" coveredelements="10" conditionals="0" coveredconditionals="0"/>
      <class namespace="Ublaboo\DataGrid\Column" name="ColumnNumber">
        <metrics methods="3" coveredmethods="1" statements="13" coveredstatements="9" conditionals="0" coveredconditionals="0" elements="16" coveredelements="10"/>
      </class>
      <line num="37" type="stmt" count="1"/>
      <line num="39" type="stmt" count="1"/>
      <line num="40" type="stmt" count="0"/>
      <line num="43" type="stmt" count="1"/>
      <line num="45" type="stmt" count="1"/>
      <line num="46" type="stmt" count="1"/>
      <line num="47" type="stmt" count="1"/>
      <line num="60" type="stmt" count="1"/>
      <line num="62" type="stmt" count="1"/>
      <line num="72" type="stmt" count="0"/>
      <line num="73" type="stmt" count="0"/>
      <line num="74" type="stmt" count="0"/>
      <line num="13" type="stmt" count="1"/>
      <line num="78" type="stmt" count="1"/>
      <line num="35" type="stmt" count="1"/>
    </file>
    <file name="/opt/git/datagrid/src/Column/ColumnStatus.php">
      <metrics loc="180" ncloc="120" classes="1" methods="10" coveredmethods="4" statements="33" coveredstatements="16" elements="43" coveredelements="20" conditionals="0" coveredconditionals="0"/>
      <class namespace="Ublaboo\DataGrid\Column" name="ColumnStatus">
        <metrics methods="10" coveredmethods="4" statements="33" coveredstatements="16" conditionals="0" coveredconditionals="0" elements="43" coveredelements="20"/>
      </class>
      <line num="46" type="stmt" count="1"/>
      <line num="48" type="stmt" count="1"/>
      <line num="50" type="stmt" count="1"/>
      <line num="59" type="stmt" count="1"/>
      <line num="68" type="stmt" count="1"/>
      <line num="80" type="stmt" count="0"/>
      <line num="81" type="stmt" count="0"/>
      <line num="82" type="stmt" count="0"/>
      <line num="86" type="stmt" count="0"/>
      <line num="95" type="stmt" count="1"/>
      <line num="106" type="stmt" count="1"/>
      <line num="107" type="stmt" count="1"/>
      <line num="108" type="stmt" count="1"/>
      <line num="112" type="stmt" count="0"/>
      <line num="125" type="stmt" count="1"/>
      <line num="126" type="stmt" count="0"/>
      <line num="129" type="stmt" count="1"/>
      <line num="131" type="stmt" count="1"/>
      <line num="133" type="stmt" count="1"/>
      <line num="144" type="stmt" count="0"/>
      <line num="145" type="stmt" count="0"/>
      <line num="148" type="stmt" count="0"/>
      <line num="158" type="stmt" count="0"/>
      <line num="159" type="stmt" count="0"/>
      <line num="160" type="stmt" count="0"/>
      <line num="172" type="stmt" count="0"/>
      <line num="173" type="stmt" count="0"/>
      <line num="174" type="stmt" count="0"/>
      <line num="175" type="stmt" count="0"/>
      <line num="176" type="stmt" count="0"/>
      <line num="17" type="stmt" count="1"/>
      <line num="20" type="stmt" count="1"/>
      <line num="180" type="stmt" count="1"/>
      <line num="44" type="stmt" count="1"/>
      <line num="51" type="stmt" count="1"/>
      <line num="104" type="stmt" count="1"/>
    </file>
    <file name="/opt/git/datagrid/src/Column/Column.php">
      <metrics loc="715" ncloc="463" classes="1" methods="46" coveredmethods="8" statements="118" coveredstatements="26" elements="164" coveredelements="34" conditionals="0" coveredconditionals="0"/>
      <class namespace="Ublaboo\DataGrid\Column" name="Column">
        <metrics methods="46" coveredmethods="8" statements="118" coveredstatements="26" conditionals="0" coveredconditionals="0" elements="164" coveredelements="34"/>
      </class>
      <line num="108" type="stmt" count="1"/>
      <line num="109" type="stmt" count="1"/>
      <line num="118" type="stmt" count="1"/>
      <line num="119" type="stmt" count="1"/>
      <line num="120" type="stmt" count="0"/>
      <line num="123" type="stmt" count="1"/>
      <line num="134" type="stmt" count="1"/>
      <line num="136" type="stmt" count="1"/>
      <line num="137" type="stmt" count="1"/>
      <line num="140" type="stmt" count="0"/>
      <line num="141" type="stmt" count="0"/>
      <line num="142" type="stmt" count="0"/>
      <line num="145" type="stmt" count="0"/>
      <line num="148" type="stmt" count="0"/>
      <line num="158" type="stmt" count="0"/>
      <line num="160" type="stmt" count="0"/>
      <line num="166" type="stmt" count="1"/>
      <line num="175" type="stmt" count="0"/>
      <line num="177" type="stmt" count="0"/>
      <line num="182" type="stmt" count="0"/>
      <line num="192" type="stmt" count="1"/>
      <line num="194" type="stmt" count="1"/>
      <line num="204" type="stmt" count="1"/>
      <line num="215" type="stmt" count="0"/>
      <line num="217" type="stmt" count="0"/>
      <line num="227" type="stmt" count="0"/>
      <line num="238" type="stmt" count="0"/>
      <line num="240" type="stmt" count="0"/>
      <line num="250" type="stmt" count="0"/>
      <line num="260" type="stmt" count="0"/>
      <line num="270" type="stmt" count="0"/>
      <line num="281" type="stmt" count="1"/>
      <line num="290" type="stmt" count="1"/>
      <line num="301" type="stmt" count="0"/>
      <line num="303" type="stmt" count="0"/>
      <line num="313" type="stmt" count="0"/>
      <line num="324" type="stmt" count="1"/>
      <line num="326" type="stmt" count="1"/>
      <line num="327" type="stmt" count="0"/>
      <line num="330" type="stmt" count="1"/>
      <line num="340" type="stmt" count="0"/>
      <line num="341" type="stmt" count="0"/>
      <line num="342" type="stmt" count="0"/>
      <line num="346" type="stmt" count="0"/>
      <line num="347" type="stmt" count="0"/>
      <line num="348" type="stmt" count="0"/>
      <line num="352" type="stmt" count="0"/>
      <line num="353" type="stmt" count="0"/>
      <line num="354" type="stmt" count="0"/>
      <line num="358" type="stmt" count="0"/>
      <line num="360" type="stmt" count="0"/>
      <line num="370" type="stmt" count="0"/>
      <line num="380" type="stmt" count="1"/>
      <line num="390" type="stmt" count="1"/>
      <line num="391" type="stmt" count="1"/>
      <line num="393" type="stmt" count="1"/>
      <line num="403" type="stmt" count="0"/>
      <line num="413" type="stmt" count="0"/>
      <line num="423" type="stmt" count="0"/>
      <line num="433" type="stmt" count="0"/>
      <line num="443" type="stmt" count="0"/>
      <line num="445" type="stmt" count="0"/>
      <line num="455" type="stmt" count="0"/>
      <line num="456" type="stmt" count="0"/>
      <line num="457" type="stmt" count="0"/>
      <line num="458" type="stmt" count="0"/>
      <line num="461" type="stmt" count="0"/>
      <line num="470" type="stmt" count="0"/>
      <line num="471" type="stmt" count="0"/>
      <line num="482" type="stmt" count="0"/>
      <line num="492" type="stmt" count="0"/>
      <line num="494" type="stmt" count="0"/>
      <line num="504" type="stmt" count="0"/>
      <line num="514" type="stmt" count="0"/>
      <line num="525" type="stmt" count="0"/>
      <line num="527" type="stmt" count="0"/>
      <line num="537" type="stmt" count="0"/>
      <line num="539" type="stmt" count="0"/>
      <line num="549" type="stmt" count="0"/>
      <line num="559" type="stmt" count="0"/>
      <line num="571" type="stmt" count="0"/>
      <line num="573" type="stmt" count="0"/>
      <line num="584" type="stmt" count="0"/>
      <line num="586" type="stmt" count="0"/>
      <line num="587" type="stmt" count="0"/>
      <line num="588" type="stmt" count="0"/>
      <line num="589" type="stmt" count="0"/>
      <line num="592" type="stmt" count="0"/>
      <line num="594" type="stmt" count="0"/>
      <line num="604" type="stmt" count="0"/>
      <line num="615" type="stmt" count="0"/>
      <line num="616" type="stmt" count="0"/>
      <line num="618" type="stmt" count="0"/>
      <line num="631" type="stmt" count="0"/>
      <line num="636" type="stmt" count="0"/>
      <line num="637" type="stmt" count="0"/>
      <line num="638" type="stmt" count="0"/>
      <line num="640" type="stmt" count="0"/>
      <line num="643" type="stmt" count="0"/>
      <line num="648" type="stmt" count="0"/>
      <line num="649" type="stmt" count="0"/>
      <line num="651" type="stmt" count="0"/>
      <line num="652" type="stmt" count="0"/>
      <line num="653" type="stmt" count="0"/>
      <line num="655" type="stmt" count="0"/>
      <line num="657" type="stmt" count="0"/>
      <line num="658" type="stmt" count="0"/>
      <line num="663" type="stmt" count="0"/>
      <line num="673" type="stmt" count="0"/>
      <line num="675" type="stmt" count="0"/>
      <line num="676" type="stmt" count="0"/>
      <line num="679" type="stmt" count="0"/>
      <line num="685" type="stmt" count="0"/>
      <line num="697" type="stmt" count="1"/>
      <line num="699" type="stmt" count="1"/>
      <line num="700" type="stmt" count="1"/>
      <line num="703" type="stmt" count="1"/>
      <line num="712" type="stmt" count="0"/>
      <line num="19" type="stmt" count="1"/>
      <line num="22" type="stmt" count="1"/>
      <line num="715" type="stmt" count="1"/>
      <line num="102" type="stmt" count="1"/>
      <line num="132" type="stmt" count="1"/>
      <line num="0" type="stmt" count="1"/>
      <line num="322" type="stmt" count="1"/>
      <line num="279" type="stmt" count="1"/>
      <line num="695" type="stmt" count="1"/>
      <line num="388" type="stmt" count="1"/>
      <line num="190" type="stmt" count="1"/>
    </file>
    <file name="/opt/git/datagrid/src/Status/Option.php">
      <metrics loc="209" ncloc="128" classes="1" methods="14" coveredmethods="4" statements="26" coveredstatements="13" elements="40" coveredelements="17" conditionals="0" coveredconditionals="0"/>
      <class namespace="Ublaboo\DataGrid\Status" name="Option">
        <metrics methods="14" coveredmethods="4" statements="26" coveredstatements="13" conditionals="0" coveredconditionals="0" elements="40" coveredelements="17"/>
      </class>
      <line num="66" type="stmt" count="1"/>
      <line num="67" type="stmt" count="1"/>
      <line num="68" type="stmt" count="1"/>
      <line num="77" type="stmt" count="1"/>
      <line num="87" type="stmt" count="1"/>
      <line num="97" type="stmt" count="0"/>
      <line num="99" type="stmt" count="0"/>
      <line num="108" type="stmt" count="0"/>
      <line num="119" type="stmt" count="1"/>
      <line num="121" type="stmt" count="1"/>
      <line num="122" type="stmt" count="0"/>
      <line num="125" type="stmt" count="1"/>
      <line num="134" type="stmt" count="0"/>
      <line num="144" type="stmt" count="0"/>
      <line num="146" type="stmt" count="0"/>
      <line num="155" type="stmt" count="0"/>
      <line num="165" type="stmt" count="0"/>
      <line num="167" type="stmt" count="0"/>
      <line num="176" type="stmt" count="0"/>
      <line num="186" type="stmt" count="1"/>
      <line num="188" type="stmt" count="1"/>
      <line num="197" type="stmt" count="0"/>
      <line num="206" type="stmt" count="0"/>
      <line num="14" type="stmt" count="1"/>
      <line num="209" type="stmt" count="1"/>
      <line num="64" type="stmt" count="1"/>
      <line num="69" type="stmt" count="1"/>
      <line num="117" type="stmt" count="1"/>
    </file>
    <file name="/opt/git/datagrid/src/ColumnsSummary.php">
      <metrics loc="140" ncloc="95" classes="1" methods="6" coveredmethods="0" statements="45" coveredstatements="0" elements="51" coveredelements="0" conditionals="0" coveredconditionals="0"/>
      <class namespace="Ublaboo\DataGrid" name="ColumnsSummary">
        <metrics methods="6" coveredmethods="0" statements="45" coveredstatements="0" conditionals="0" coveredconditionals="0" elements="51" coveredelements="0"/>
      </class>
    </file>
  </project>
</coverage>
